157
200 정상
200 정상
200 정상
200 정상
200 정상
200 정상
200 정상
200 정상
200 정상
200 정상
200 정상
200 정상
200 정상
200 정상
200 정상
200 정상
200 정상
200 정상
200 정상
200 정상
200 정상
200 정상
200 정상
200 정상
200 정상
200 정상
200 정상
200 정상
200 정상
200 정상
200 정상
200 정상
200 정상
200 정상
200 정상
200 정상
200 정상
200 정상
200 정상
200 정상
2020/12/04 21:32:00
기존 매물의 갯수는
389
새 데이터의 매물의 갯수는
389
새로운 매물의 id는
새로운 매물이 없습니다.
삭제된 매물의 id는
삭제된 매물이 없습니다.
가장 최상의 매물은
미리내
20.12.04.
2067894158
새로운 매물과 삭제된 매물은 5분씩 검색하며, 정보는 new_prd_list_new_2.txt에 저장 됩니다.
대기
대기
대기
대기
대기
대기
대기
대기
대기
대기
대기
대기
