468
2020/11/29 14:55:15
기존 매물의 갯수는
28
새 데이터의 매물의 갯수는
28
새로운 매물의 id는
새로운 매물이 없습니다.
삭제된 매물의 id는
삭제된 매물이 없습니다.
가장 최상의 매물은
정자역엠코헤리츠2단지
20.11.27.
2067298206
새로운 매물과 삭제된 매물은 5분씩 검색하며, 정보는 new_prd_list_new_2.txt에 저장 됩니다.
2020/11/29 15:00:15
기존 매물의 갯수는
28
새 데이터의 매물의 갯수는
28
새로운 매물의 id는
새로운 매물이 없습니다.
삭제된 매물의 id는
삭제된 매물이 없습니다.
가장 최상의 매물은
정자역엠코헤리츠2단지
20.11.27.
2067298206
새로운 매물과 삭제된 매물은 5분씩 검색하며, 정보는 new_prd_list_new_2.txt에 저장 됩니다.
2020/11/29 15:05:15
기존 매물의 갯수는
28
새 데이터의 매물의 갯수는
28
새로운 매물의 id는
새로운 매물이 없습니다.
삭제된 매물의 id는
삭제된 매물이 없습니다.
가장 최상의 매물은
정자역엠코헤리츠2단지
20.11.27.
2067298206
새로운 매물과 삭제된 매물은 5분씩 검색하며, 정보는 new_prd_list_new_2.txt에 저장 됩니다.
2020/11/29 15:10:15
기존 매물의 갯수는
28
새 데이터의 매물의 갯수는
28
새로운 매물의 id는
새로운 매물이 없습니다.
삭제된 매물의 id는
삭제된 매물이 없습니다.
가장 최상의 매물은
정자역엠코헤리츠2단지
20.11.27.
2067298206
새로운 매물과 삭제된 매물은 5분씩 검색하며, 정보는 new_prd_list_new_2.txt에 저장 됩니다.
2020/11/29 15:15:16
기존 매물의 갯수는
28
새 데이터의 매물의 갯수는
28
새로운 매물의 id는
새로운 매물이 없습니다.
삭제된 매물의 id는
삭제된 매물이 없습니다.
가장 최상의 매물은
정자역엠코헤리츠2단지
20.11.27.
2067298206
새로운 매물과 삭제된 매물은 5분씩 검색하며, 정보는 new_prd_list_new_2.txt에 저장 됩니다.
2020/11/29 15:20:16
기존 매물의 갯수는
28
새 데이터의 매물의 갯수는
28
새로운 매물의 id는
새로운 매물이 없습니다.
삭제된 매물의 id는
삭제된 매물이 없습니다.
가장 최상의 매물은
정자역엠코헤리츠2단지
20.11.27.
2067298206
새로운 매물과 삭제된 매물은 5분씩 검색하며, 정보는 new_prd_list_new_2.txt에 저장 됩니다.
2020/11/29 15:25:16
기존 매물의 갯수는
28
새 데이터의 매물의 갯수는
28
새로운 매물의 id는
새로운 매물이 없습니다.
삭제된 매물의 id는
삭제된 매물이 없습니다.
가장 최상의 매물은
정자역엠코헤리츠2단지
20.11.27.
2067298206
새로운 매물과 삭제된 매물은 5분씩 검색하며, 정보는 new_prd_list_new_2.txt에 저장 됩니다.
2020/11/29 15:30:16
기존 매물의 갯수는
28
새 데이터의 매물의 갯수는
28
새로운 매물의 id는
새로운 매물이 없습니다.
삭제된 매물의 id는
삭제된 매물이 없습니다.
가장 최상의 매물은
정자역엠코헤리츠2단지
20.11.27.
2067298206
새로운 매물과 삭제된 매물은 5분씩 검색하며, 정보는 new_prd_list_new_2.txt에 저장 됩니다.
2020/11/29 15:35:16
기존 매물의 갯수는
28
새 데이터의 매물의 갯수는
28
새로운 매물의 id는
새로운 매물이 없습니다.
삭제된 매물의 id는
삭제된 매물이 없습니다.
가장 최상의 매물은
정자역엠코헤리츠2단지
20.11.27.
2067298206
새로운 매물과 삭제된 매물은 5분씩 검색하며, 정보는 new_prd_list_new_2.txt에 저장 됩니다.
2020/11/29 15:40:16
기존 매물의 갯수는
28
새 데이터의 매물의 갯수는
28
새로운 매물의 id는
새로운 매물이 없습니다.
삭제된 매물의 id는
삭제된 매물이 없습니다.
가장 최상의 매물은
정자역엠코헤리츠2단지
20.11.27.
2067298206
새로운 매물과 삭제된 매물은 5분씩 검색하며, 정보는 new_prd_list_new_2.txt에 저장 됩니다.
2020/11/29 15:45:16
기존 매물의 갯수는
28
새 데이터의 매물의 갯수는
28
새로운 매물의 id는
새로운 매물이 없습니다.
삭제된 매물의 id는
삭제된 매물이 없습니다.
가장 최상의 매물은
정자역엠코헤리츠2단지
20.11.27.
2067298206
새로운 매물과 삭제된 매물은 5분씩 검색하며, 정보는 new_prd_list_new_2.txt에 저장 됩니다.
2020/11/29 15:50:16
기존 매물의 갯수는
28
새 데이터의 매물의 갯수는
28
새로운 매물의 id는
새로운 매물이 없습니다.
삭제된 매물의 id는
삭제된 매물이 없습니다.
가장 최상의 매물은
정자역엠코헤리츠2단지
20.11.27.
2067298206
새로운 매물과 삭제된 매물은 5분씩 검색하며, 정보는 new_prd_list_new_2.txt에 저장 됩니다.
2020/11/29 15:55:16
기존 매물의 갯수는
28
새 데이터의 매물의 갯수는
28
새로운 매물의 id는
새로운 매물이 없습니다.
삭제된 매물의 id는
삭제된 매물이 없습니다.
가장 최상의 매물은
정자역엠코헤리츠2단지
20.11.27.
2067298206
새로운 매물과 삭제된 매물은 5분씩 검색하며, 정보는 new_prd_list_new_2.txt에 저장 됩니다.
2020/11/29 16:00:17
기존 매물의 갯수는
28
새 데이터의 매물의 갯수는
28
새로운 매물의 id는
새로운 매물이 없습니다.
삭제된 매물의 id는
삭제된 매물이 없습니다.
가장 최상의 매물은
정자역엠코헤리츠2단지
20.11.27.
2067298206
새로운 매물과 삭제된 매물은 5분씩 검색하며, 정보는 new_prd_list_new_2.txt에 저장 됩니다.
2020/11/29 16:05:17
기존 매물의 갯수는
28
새 데이터의 매물의 갯수는
28
새로운 매물의 id는
새로운 매물이 없습니다.
삭제된 매물의 id는
삭제된 매물이 없습니다.
가장 최상의 매물은
정자역엠코헤리츠2단지
20.11.27.
2067298206
새로운 매물과 삭제된 매물은 5분씩 검색하며, 정보는 new_prd_list_new_2.txt에 저장 됩니다.
2020/11/29 16:10:17
기존 매물의 갯수는
28
새 데이터의 매물의 갯수는
28
새로운 매물의 id는
새로운 매물이 없습니다.
삭제된 매물의 id는
삭제된 매물이 없습니다.
가장 최상의 매물은
정자역엠코헤리츠2단지
20.11.27.
2067298206
새로운 매물과 삭제된 매물은 5분씩 검색하며, 정보는 new_prd_list_new_2.txt에 저장 됩니다.
2020/11/29 16:15:17
기존 매물의 갯수는
28
새 데이터의 매물의 갯수는
28
새로운 매물의 id는
새로운 매물이 없습니다.
삭제된 매물의 id는
삭제된 매물이 없습니다.
가장 최상의 매물은
정자역엠코헤리츠2단지
20.11.27.
2067298206
새로운 매물과 삭제된 매물은 5분씩 검색하며, 정보는 new_prd_list_new_2.txt에 저장 됩니다.
2020/11/29 16:20:17
기존 매물의 갯수는
28
새 데이터의 매물의 갯수는
28
새로운 매물의 id는
새로운 매물이 없습니다.
삭제된 매물의 id는
삭제된 매물이 없습니다.
가장 최상의 매물은
정자역엠코헤리츠2단지
20.11.27.
2067298206
새로운 매물과 삭제된 매물은 5분씩 검색하며, 정보는 new_prd_list_new_2.txt에 저장 됩니다.
2020/11/29 16:25:17
기존 매물의 갯수는
28
새 데이터의 매물의 갯수는
28
새로운 매물의 id는
새로운 매물이 없습니다.
삭제된 매물의 id는
삭제된 매물이 없습니다.
가장 최상의 매물은
정자역엠코헤리츠2단지
20.11.27.
2067298206
새로운 매물과 삭제된 매물은 5분씩 검색하며, 정보는 new_prd_list_new_2.txt에 저장 됩니다.
2020/11/29 16:30:17
기존 매물의 갯수는
28
새 데이터의 매물의 갯수는
28
새로운 매물의 id는
새로운 매물이 없습니다.
삭제된 매물의 id는
삭제된 매물이 없습니다.
가장 최상의 매물은
정자역엠코헤리츠2단지
20.11.27.
2067298206
새로운 매물과 삭제된 매물은 5분씩 검색하며, 정보는 new_prd_list_new_2.txt에 저장 됩니다.
2020/11/29 16:35:17
기존 매물의 갯수는
28
새 데이터의 매물의 갯수는
28
새로운 매물의 id는
새로운 매물이 없습니다.
삭제된 매물의 id는
삭제된 매물이 없습니다.
가장 최상의 매물은
정자역엠코헤리츠2단지
20.11.27.
2067298206
새로운 매물과 삭제된 매물은 5분씩 검색하며, 정보는 new_prd_list_new_2.txt에 저장 됩니다.
2020/11/29 16:40:17
기존 매물의 갯수는
28
새 데이터의 매물의 갯수는
28
새로운 매물의 id는
새로운 매물이 없습니다.
삭제된 매물의 id는
삭제된 매물이 없습니다.
가장 최상의 매물은
정자역엠코헤리츠2단지
20.11.27.
2067298206
새로운 매물과 삭제된 매물은 5분씩 검색하며, 정보는 new_prd_list_new_2.txt에 저장 됩니다.
2020/11/29 16:45:18
기존 매물의 갯수는
28
새 데이터의 매물의 갯수는
28
새로운 매물의 id는
새로운 매물이 없습니다.
삭제된 매물의 id는
삭제된 매물이 없습니다.
가장 최상의 매물은
정자역엠코헤리츠2단지
20.11.27.
2067298206
새로운 매물과 삭제된 매물은 5분씩 검색하며, 정보는 new_prd_list_new_2.txt에 저장 됩니다.
2020/11/29 16:50:18
기존 매물의 갯수는
28
새 데이터의 매물의 갯수는
28
새로운 매물의 id는
새로운 매물이 없습니다.
삭제된 매물의 id는
삭제된 매물이 없습니다.
가장 최상의 매물은
정자역엠코헤리츠2단지
20.11.27.
2067298206
새로운 매물과 삭제된 매물은 5분씩 검색하며, 정보는 new_prd_list_new_2.txt에 저장 됩니다.
2020/11/29 16:55:18
기존 매물의 갯수는
28
새 데이터의 매물의 갯수는
28
새로운 매물의 id는
새로운 매물이 없습니다.
삭제된 매물의 id는
삭제된 매물이 없습니다.
가장 최상의 매물은
정자역엠코헤리츠2단지
20.11.27.
2067298206
새로운 매물과 삭제된 매물은 5분씩 검색하며, 정보는 new_prd_list_new_2.txt에 저장 됩니다.
2020/11/29 17:00:18
기존 매물의 갯수는
28
새 데이터의 매물의 갯수는
28
새로운 매물의 id는
새로운 매물이 없습니다.
삭제된 매물의 id는
삭제된 매물이 없습니다.
가장 최상의 매물은
정자역엠코헤리츠2단지
20.11.27.
2067298206
새로운 매물과 삭제된 매물은 5분씩 검색하며, 정보는 new_prd_list_new_2.txt에 저장 됩니다.
2020/11/29 17:05:18
기존 매물의 갯수는
28
새 데이터의 매물의 갯수는
28
새로운 매물의 id는
새로운 매물이 없습니다.
삭제된 매물의 id는
삭제된 매물이 없습니다.
가장 최상의 매물은
정자역엠코헤리츠2단지
20.11.27.
2067298206
새로운 매물과 삭제된 매물은 5분씩 검색하며, 정보는 new_prd_list_new_2.txt에 저장 됩니다.
2020/11/29 17:10:18
기존 매물의 갯수는
28
새 데이터의 매물의 갯수는
28
새로운 매물의 id는
새로운 매물이 없습니다.
삭제된 매물의 id는
삭제된 매물이 없습니다.
가장 최상의 매물은
정자역엠코헤리츠2단지
20.11.27.
2067298206
새로운 매물과 삭제된 매물은 5분씩 검색하며, 정보는 new_prd_list_new_2.txt에 저장 됩니다.
2020/11/29 17:15:18
기존 매물의 갯수는
28
새 데이터의 매물의 갯수는
28
새로운 매물의 id는
새로운 매물이 없습니다.
삭제된 매물의 id는
삭제된 매물이 없습니다.
가장 최상의 매물은
정자역엠코헤리츠2단지
20.11.27.
2067298206
새로운 매물과 삭제된 매물은 5분씩 검색하며, 정보는 new_prd_list_new_2.txt에 저장 됩니다.
2020/11/29 17:20:19
기존 매물의 갯수는
28
새 데이터의 매물의 갯수는
28
새로운 매물의 id는
새로운 매물이 없습니다.
삭제된 매물의 id는
삭제된 매물이 없습니다.
가장 최상의 매물은
정자역엠코헤리츠2단지
20.11.27.
2067298206
새로운 매물과 삭제된 매물은 5분씩 검색하며, 정보는 new_prd_list_new_2.txt에 저장 됩니다.
2020/11/29 17:25:19
기존 매물의 갯수는
28
새 데이터의 매물의 갯수는
28
새로운 매물의 id는
새로운 매물이 없습니다.
삭제된 매물의 id는
삭제된 매물이 없습니다.
가장 최상의 매물은
정자역엠코헤리츠2단지
20.11.27.
2067298206
새로운 매물과 삭제된 매물은 5분씩 검색하며, 정보는 new_prd_list_new_2.txt에 저장 됩니다.
2020/11/29 17:30:19
기존 매물의 갯수는
28
새 데이터의 매물의 갯수는
28
새로운 매물의 id는
새로운 매물이 없습니다.
삭제된 매물의 id는
삭제된 매물이 없습니다.
가장 최상의 매물은
정자역엠코헤리츠2단지
20.11.27.
2067298206
새로운 매물과 삭제된 매물은 5분씩 검색하며, 정보는 new_prd_list_new_2.txt에 저장 됩니다.
2020/11/29 17:35:19
기존 매물의 갯수는
28
새 데이터의 매물의 갯수는
28
새로운 매물의 id는
새로운 매물이 없습니다.
삭제된 매물의 id는
삭제된 매물이 없습니다.
가장 최상의 매물은
정자역엠코헤리츠2단지
20.11.27.
2067298206
새로운 매물과 삭제된 매물은 5분씩 검색하며, 정보는 new_prd_list_new_2.txt에 저장 됩니다.
2020/11/29 17:40:19
기존 매물의 갯수는
28
새 데이터의 매물의 갯수는
28
새로운 매물의 id는
새로운 매물이 없습니다.
삭제된 매물의 id는
삭제된 매물이 없습니다.
가장 최상의 매물은
정자역엠코헤리츠2단지
20.11.27.
2067298206
새로운 매물과 삭제된 매물은 5분씩 검색하며, 정보는 new_prd_list_new_2.txt에 저장 됩니다.
2020/11/29 17:45:19
기존 매물의 갯수는
28
새 데이터의 매물의 갯수는
28
새로운 매물의 id는
새로운 매물이 없습니다.
삭제된 매물의 id는
삭제된 매물이 없습니다.
가장 최상의 매물은
정자역엠코헤리츠2단지
20.11.27.
2067298206
새로운 매물과 삭제된 매물은 5분씩 검색하며, 정보는 new_prd_list_new_2.txt에 저장 됩니다.
2020/11/29 17:50:19
기존 매물의 갯수는
28
새 데이터의 매물의 갯수는
28
새로운 매물의 id는
새로운 매물이 없습니다.
삭제된 매물의 id는
삭제된 매물이 없습니다.
가장 최상의 매물은
정자역엠코헤리츠2단지
20.11.27.
2067298206
새로운 매물과 삭제된 매물은 5분씩 검색하며, 정보는 new_prd_list_new_2.txt에 저장 됩니다.
2020/11/29 17:55:19
기존 매물의 갯수는
28
새 데이터의 매물의 갯수는
28
새로운 매물의 id는
새로운 매물이 없습니다.
삭제된 매물의 id는
삭제된 매물이 없습니다.
가장 최상의 매물은
정자역엠코헤리츠2단지
20.11.27.
2067298206
새로운 매물과 삭제된 매물은 5분씩 검색하며, 정보는 new_prd_list_new_2.txt에 저장 됩니다.
2020/11/29 18:00:20
기존 매물의 갯수는
28
새 데이터의 매물의 갯수는
28
새로운 매물의 id는
새로운 매물이 없습니다.
삭제된 매물의 id는
삭제된 매물이 없습니다.
가장 최상의 매물은
정자역엠코헤리츠2단지
20.11.27.
2067298206
새로운 매물과 삭제된 매물은 5분씩 검색하며, 정보는 new_prd_list_new_2.txt에 저장 됩니다.
2020/11/29 18:05:20
기존 매물의 갯수는
28
새 데이터의 매물의 갯수는
28
새로운 매물의 id는
새로운 매물이 없습니다.
삭제된 매물의 id는
삭제된 매물이 없습니다.
가장 최상의 매물은
정자역엠코헤리츠2단지
20.11.27.
2067298206
새로운 매물과 삭제된 매물은 5분씩 검색하며, 정보는 new_prd_list_new_2.txt에 저장 됩니다.
2020/11/29 18:10:20
기존 매물의 갯수는
28
새 데이터의 매물의 갯수는
28
새로운 매물의 id는
새로운 매물이 없습니다.
삭제된 매물의 id는
삭제된 매물이 없습니다.
가장 최상의 매물은
정자역엠코헤리츠2단지
20.11.27.
2067298206
새로운 매물과 삭제된 매물은 5분씩 검색하며, 정보는 new_prd_list_new_2.txt에 저장 됩니다.
2020/11/29 18:15:20
기존 매물의 갯수는
28
새 데이터의 매물의 갯수는
28
새로운 매물의 id는
새로운 매물이 없습니다.
삭제된 매물의 id는
삭제된 매물이 없습니다.
가장 최상의 매물은
정자역엠코헤리츠2단지
20.11.27.
2067298206
새로운 매물과 삭제된 매물은 5분씩 검색하며, 정보는 new_prd_list_new_2.txt에 저장 됩니다.
2020/11/29 18:20:20
기존 매물의 갯수는
28
새 데이터의 매물의 갯수는
28
새로운 매물의 id는
새로운 매물이 없습니다.
삭제된 매물의 id는
삭제된 매물이 없습니다.
가장 최상의 매물은
정자역엠코헤리츠2단지
20.11.27.
2067298206
새로운 매물과 삭제된 매물은 5분씩 검색하며, 정보는 new_prd_list_new_2.txt에 저장 됩니다.
2020/11/29 18:25:20
기존 매물의 갯수는
28
새 데이터의 매물의 갯수는
28
새로운 매물의 id는
새로운 매물이 없습니다.
삭제된 매물의 id는
삭제된 매물이 없습니다.
가장 최상의 매물은
정자역엠코헤리츠2단지
20.11.27.
2067298206
새로운 매물과 삭제된 매물은 5분씩 검색하며, 정보는 new_prd_list_new_2.txt에 저장 됩니다.
2020/11/29 18:30:20
기존 매물의 갯수는
28
새 데이터의 매물의 갯수는
28
새로운 매물의 id는
새로운 매물이 없습니다.
삭제된 매물의 id는
삭제된 매물이 없습니다.
가장 최상의 매물은
정자역엠코헤리츠2단지
20.11.27.
2067298206
새로운 매물과 삭제된 매물은 5분씩 검색하며, 정보는 new_prd_list_new_2.txt에 저장 됩니다.
2020/11/29 18:35:20
기존 매물의 갯수는
28
새 데이터의 매물의 갯수는
28
새로운 매물의 id는
새로운 매물이 없습니다.
삭제된 매물의 id는
삭제된 매물이 없습니다.
가장 최상의 매물은
정자역엠코헤리츠2단지
20.11.27.
2067298206
새로운 매물과 삭제된 매물은 5분씩 검색하며, 정보는 new_prd_list_new_2.txt에 저장 됩니다.
2020/11/29 18:40:21
기존 매물의 갯수는
28
새 데이터의 매물의 갯수는
28
새로운 매물의 id는
새로운 매물이 없습니다.
삭제된 매물의 id는
삭제된 매물이 없습니다.
가장 최상의 매물은
정자역엠코헤리츠2단지
20.11.27.
2067298206
새로운 매물과 삭제된 매물은 5분씩 검색하며, 정보는 new_prd_list_new_2.txt에 저장 됩니다.
2020/11/29 18:45:21
기존 매물의 갯수는
28
새 데이터의 매물의 갯수는
28
새로운 매물의 id는
새로운 매물이 없습니다.
삭제된 매물의 id는
삭제된 매물이 없습니다.
가장 최상의 매물은
정자역엠코헤리츠2단지
20.11.27.
2067298206
새로운 매물과 삭제된 매물은 5분씩 검색하며, 정보는 new_prd_list_new_2.txt에 저장 됩니다.
2020/11/29 18:50:21
기존 매물의 갯수는
28
새 데이터의 매물의 갯수는
28
새로운 매물의 id는
새로운 매물이 없습니다.
삭제된 매물의 id는
삭제된 매물이 없습니다.
가장 최상의 매물은
정자역엠코헤리츠2단지
20.11.27.
2067298206
새로운 매물과 삭제된 매물은 5분씩 검색하며, 정보는 new_prd_list_new_2.txt에 저장 됩니다.
2020/11/29 18:55:21
기존 매물의 갯수는
28
새 데이터의 매물의 갯수는
28
새로운 매물의 id는
새로운 매물이 없습니다.
삭제된 매물의 id는
삭제된 매물이 없습니다.
가장 최상의 매물은
정자역엠코헤리츠2단지
20.11.27.
2067298206
새로운 매물과 삭제된 매물은 5분씩 검색하며, 정보는 new_prd_list_new_2.txt에 저장 됩니다.
2020/11/29 19:00:21
기존 매물의 갯수는
28
새 데이터의 매물의 갯수는
28
새로운 매물의 id는
새로운 매물이 없습니다.
삭제된 매물의 id는
삭제된 매물이 없습니다.
가장 최상의 매물은
정자역엠코헤리츠2단지
20.11.27.
2067298206
새로운 매물과 삭제된 매물은 5분씩 검색하며, 정보는 new_prd_list_new_2.txt에 저장 됩니다.
2020/11/29 19:05:21
기존 매물의 갯수는
28
새 데이터의 매물의 갯수는
28
새로운 매물의 id는
새로운 매물이 없습니다.
삭제된 매물의 id는
삭제된 매물이 없습니다.
가장 최상의 매물은
정자역엠코헤리츠2단지
20.11.27.
2067298206
새로운 매물과 삭제된 매물은 5분씩 검색하며, 정보는 new_prd_list_new_2.txt에 저장 됩니다.
2020/11/29 19:10:21
기존 매물의 갯수는
28
새 데이터의 매물의 갯수는
28
새로운 매물의 id는
새로운 매물이 없습니다.
삭제된 매물의 id는
삭제된 매물이 없습니다.
가장 최상의 매물은
정자역엠코헤리츠2단지
20.11.27.
2067298206
새로운 매물과 삭제된 매물은 5분씩 검색하며, 정보는 new_prd_list_new_2.txt에 저장 됩니다.
2020/11/29 19:15:21
기존 매물의 갯수는
28
새 데이터의 매물의 갯수는
28
새로운 매물의 id는
새로운 매물이 없습니다.
삭제된 매물의 id는
삭제된 매물이 없습니다.
가장 최상의 매물은
정자역엠코헤리츠2단지
20.11.27.
2067298206
새로운 매물과 삭제된 매물은 5분씩 검색하며, 정보는 new_prd_list_new_2.txt에 저장 됩니다.
2020/11/29 19:20:21
기존 매물의 갯수는
28
새 데이터의 매물의 갯수는
28
새로운 매물의 id는
새로운 매물이 없습니다.
삭제된 매물의 id는
삭제된 매물이 없습니다.
가장 최상의 매물은
정자역엠코헤리츠2단지
20.11.27.
2067298206
새로운 매물과 삭제된 매물은 5분씩 검색하며, 정보는 new_prd_list_new_2.txt에 저장 됩니다.
2020/11/29 19:25:22
기존 매물의 갯수는
28
새 데이터의 매물의 갯수는
28
새로운 매물의 id는
새로운 매물이 없습니다.
삭제된 매물의 id는
삭제된 매물이 없습니다.
가장 최상의 매물은
정자역엠코헤리츠2단지
20.11.27.
2067298206
새로운 매물과 삭제된 매물은 5분씩 검색하며, 정보는 new_prd_list_new_2.txt에 저장 됩니다.
2020/11/29 19:30:22
기존 매물의 갯수는
28
새 데이터의 매물의 갯수는
28
새로운 매물의 id는
새로운 매물이 없습니다.
삭제된 매물의 id는
삭제된 매물이 없습니다.
가장 최상의 매물은
정자역엠코헤리츠2단지
20.11.27.
2067298206
새로운 매물과 삭제된 매물은 5분씩 검색하며, 정보는 new_prd_list_new_2.txt에 저장 됩니다.
2020/11/29 19:35:22
기존 매물의 갯수는
28
새 데이터의 매물의 갯수는
28
새로운 매물의 id는
새로운 매물이 없습니다.
삭제된 매물의 id는
삭제된 매물이 없습니다.
가장 최상의 매물은
정자역엠코헤리츠2단지
20.11.27.
2067298206
새로운 매물과 삭제된 매물은 5분씩 검색하며, 정보는 new_prd_list_new_2.txt에 저장 됩니다.
2020/11/29 19:40:22
기존 매물의 갯수는
28
새 데이터의 매물의 갯수는
28
새로운 매물의 id는
새로운 매물이 없습니다.
삭제된 매물의 id는
삭제된 매물이 없습니다.
가장 최상의 매물은
정자역엠코헤리츠2단지
20.11.27.
2067298206
새로운 매물과 삭제된 매물은 5분씩 검색하며, 정보는 new_prd_list_new_2.txt에 저장 됩니다.
2020/11/29 19:45:22
기존 매물의 갯수는
28
새 데이터의 매물의 갯수는
28
새로운 매물의 id는
새로운 매물이 없습니다.
삭제된 매물의 id는
삭제된 매물이 없습니다.
가장 최상의 매물은
정자역엠코헤리츠2단지
20.11.27.
2067298206
새로운 매물과 삭제된 매물은 5분씩 검색하며, 정보는 new_prd_list_new_2.txt에 저장 됩니다.
2020/11/29 19:50:22
기존 매물의 갯수는
28
새 데이터의 매물의 갯수는
28
새로운 매물의 id는
새로운 매물이 없습니다.
삭제된 매물의 id는
삭제된 매물이 없습니다.
가장 최상의 매물은
정자역엠코헤리츠2단지
20.11.27.
2067298206
새로운 매물과 삭제된 매물은 5분씩 검색하며, 정보는 new_prd_list_new_2.txt에 저장 됩니다.
2020/11/29 19:55:22
기존 매물의 갯수는
28
새 데이터의 매물의 갯수는
28
새로운 매물의 id는
새로운 매물이 없습니다.
삭제된 매물의 id는
삭제된 매물이 없습니다.
가장 최상의 매물은
정자역엠코헤리츠2단지
20.11.27.
2067298206
새로운 매물과 삭제된 매물은 5분씩 검색하며, 정보는 new_prd_list_new_2.txt에 저장 됩니다.
2020/11/29 20:00:22
기존 매물의 갯수는
28
새 데이터의 매물의 갯수는
28
새로운 매물의 id는
새로운 매물이 없습니다.
삭제된 매물의 id는
삭제된 매물이 없습니다.
가장 최상의 매물은
정자역엠코헤리츠2단지
20.11.27.
2067298206
새로운 매물과 삭제된 매물은 5분씩 검색하며, 정보는 new_prd_list_new_2.txt에 저장 됩니다.
2020/11/29 20:05:23
기존 매물의 갯수는
28
새 데이터의 매물의 갯수는
28
새로운 매물의 id는
새로운 매물이 없습니다.
삭제된 매물의 id는
삭제된 매물이 없습니다.
가장 최상의 매물은
정자역엠코헤리츠2단지
20.11.27.
2067298206
새로운 매물과 삭제된 매물은 5분씩 검색하며, 정보는 new_prd_list_new_2.txt에 저장 됩니다.
2020/11/29 20:10:23
기존 매물의 갯수는
28
새 데이터의 매물의 갯수는
28
새로운 매물의 id는
새로운 매물이 없습니다.
삭제된 매물의 id는
삭제된 매물이 없습니다.
가장 최상의 매물은
정자역엠코헤리츠2단지
20.11.27.
2067298206
새로운 매물과 삭제된 매물은 5분씩 검색하며, 정보는 new_prd_list_new_2.txt에 저장 됩니다.
2020/11/29 20:15:23
기존 매물의 갯수는
28
새 데이터의 매물의 갯수는
28
새로운 매물의 id는
새로운 매물이 없습니다.
삭제된 매물의 id는
삭제된 매물이 없습니다.
가장 최상의 매물은
정자역엠코헤리츠2단지
20.11.27.
2067298206
새로운 매물과 삭제된 매물은 5분씩 검색하며, 정보는 new_prd_list_new_2.txt에 저장 됩니다.
2020/11/29 20:20:23
기존 매물의 갯수는
28
새 데이터의 매물의 갯수는
28
새로운 매물의 id는
새로운 매물이 없습니다.
삭제된 매물의 id는
삭제된 매물이 없습니다.
가장 최상의 매물은
정자역엠코헤리츠2단지
20.11.27.
2067298206
새로운 매물과 삭제된 매물은 5분씩 검색하며, 정보는 new_prd_list_new_2.txt에 저장 됩니다.
2020/11/29 20:25:23
기존 매물의 갯수는
28
새 데이터의 매물의 갯수는
28
새로운 매물의 id는
새로운 매물이 없습니다.
삭제된 매물의 id는
삭제된 매물이 없습니다.
가장 최상의 매물은
정자역엠코헤리츠2단지
20.11.27.
2067298206
새로운 매물과 삭제된 매물은 5분씩 검색하며, 정보는 new_prd_list_new_2.txt에 저장 됩니다.
2020/11/29 20:30:23
기존 매물의 갯수는
28
새 데이터의 매물의 갯수는
28
새로운 매물의 id는
새로운 매물이 없습니다.
삭제된 매물의 id는
삭제된 매물이 없습니다.
가장 최상의 매물은
정자역엠코헤리츠2단지
20.11.27.
2067298206
새로운 매물과 삭제된 매물은 5분씩 검색하며, 정보는 new_prd_list_new_2.txt에 저장 됩니다.
2020/11/29 20:35:23
기존 매물의 갯수는
28
새 데이터의 매물의 갯수는
28
새로운 매물의 id는
새로운 매물이 없습니다.
삭제된 매물의 id는
삭제된 매물이 없습니다.
가장 최상의 매물은
정자역엠코헤리츠2단지
20.11.27.
2067298206
새로운 매물과 삭제된 매물은 5분씩 검색하며, 정보는 new_prd_list_new_2.txt에 저장 됩니다.
2020/11/29 20:40:23
기존 매물의 갯수는
28
새 데이터의 매물의 갯수는
28
새로운 매물의 id는
새로운 매물이 없습니다.
삭제된 매물의 id는
삭제된 매물이 없습니다.
가장 최상의 매물은
정자역엠코헤리츠2단지
20.11.27.
2067298206
새로운 매물과 삭제된 매물은 5분씩 검색하며, 정보는 new_prd_list_new_2.txt에 저장 됩니다.
2020/11/29 20:45:24
기존 매물의 갯수는
28
새 데이터의 매물의 갯수는
28
새로운 매물의 id는
새로운 매물이 없습니다.
삭제된 매물의 id는
삭제된 매물이 없습니다.
가장 최상의 매물은
정자역엠코헤리츠2단지
20.11.27.
2067298206
새로운 매물과 삭제된 매물은 5분씩 검색하며, 정보는 new_prd_list_new_2.txt에 저장 됩니다.
2020/11/29 20:50:24
기존 매물의 갯수는
28
새 데이터의 매물의 갯수는
28
새로운 매물의 id는
새로운 매물이 없습니다.
삭제된 매물의 id는
삭제된 매물이 없습니다.
가장 최상의 매물은
정자역엠코헤리츠2단지
20.11.27.
2067298206
새로운 매물과 삭제된 매물은 5분씩 검색하며, 정보는 new_prd_list_new_2.txt에 저장 됩니다.
2020/11/29 20:55:24
기존 매물의 갯수는
28
새 데이터의 매물의 갯수는
28
새로운 매물의 id는
새로운 매물이 없습니다.
삭제된 매물의 id는
삭제된 매물이 없습니다.
가장 최상의 매물은
정자역엠코헤리츠2단지
20.11.27.
2067298206
새로운 매물과 삭제된 매물은 5분씩 검색하며, 정보는 new_prd_list_new_2.txt에 저장 됩니다.
2020/11/29 21:00:24
기존 매물의 갯수는
28
새 데이터의 매물의 갯수는
28
새로운 매물의 id는
새로운 매물이 없습니다.
삭제된 매물의 id는
삭제된 매물이 없습니다.
가장 최상의 매물은
정자역엠코헤리츠2단지
20.11.27.
2067298206
새로운 매물과 삭제된 매물은 5분씩 검색하며, 정보는 new_prd_list_new_2.txt에 저장 됩니다.
2020/11/29 21:05:24
기존 매물의 갯수는
28
새 데이터의 매물의 갯수는
28
새로운 매물의 id는
새로운 매물이 없습니다.
삭제된 매물의 id는
삭제된 매물이 없습니다.
가장 최상의 매물은
정자역엠코헤리츠2단지
20.11.27.
2067298206
새로운 매물과 삭제된 매물은 5분씩 검색하며, 정보는 new_prd_list_new_2.txt에 저장 됩니다.
2020/11/29 21:10:24
기존 매물의 갯수는
28
새 데이터의 매물의 갯수는
28
새로운 매물의 id는
새로운 매물이 없습니다.
삭제된 매물의 id는
삭제된 매물이 없습니다.
가장 최상의 매물은
정자역엠코헤리츠2단지
20.11.27.
2067298206
새로운 매물과 삭제된 매물은 5분씩 검색하며, 정보는 new_prd_list_new_2.txt에 저장 됩니다.
2020/11/29 21:15:24
기존 매물의 갯수는
28
새 데이터의 매물의 갯수는
28
새로운 매물의 id는
새로운 매물이 없습니다.
삭제된 매물의 id는
삭제된 매물이 없습니다.
가장 최상의 매물은
정자역엠코헤리츠2단지
20.11.27.
2067298206
새로운 매물과 삭제된 매물은 5분씩 검색하며, 정보는 new_prd_list_new_2.txt에 저장 됩니다.
2020/11/29 21:20:24
기존 매물의 갯수는
28
새 데이터의 매물의 갯수는
28
새로운 매물의 id는
새로운 매물이 없습니다.
삭제된 매물의 id는
삭제된 매물이 없습니다.
가장 최상의 매물은
정자역엠코헤리츠2단지
20.11.27.
2067298206
새로운 매물과 삭제된 매물은 5분씩 검색하며, 정보는 new_prd_list_new_2.txt에 저장 됩니다.
2020/11/29 21:25:24
기존 매물의 갯수는
28
새 데이터의 매물의 갯수는
28
새로운 매물의 id는
새로운 매물이 없습니다.
삭제된 매물의 id는
삭제된 매물이 없습니다.
가장 최상의 매물은
정자역엠코헤리츠2단지
20.11.27.
2067298206
새로운 매물과 삭제된 매물은 5분씩 검색하며, 정보는 new_prd_list_new_2.txt에 저장 됩니다.
2020/11/29 21:30:25
기존 매물의 갯수는
28
새 데이터의 매물의 갯수는
28
새로운 매물의 id는
새로운 매물이 없습니다.
삭제된 매물의 id는
삭제된 매물이 없습니다.
가장 최상의 매물은
정자역엠코헤리츠2단지
20.11.27.
2067298206
새로운 매물과 삭제된 매물은 5분씩 검색하며, 정보는 new_prd_list_new_2.txt에 저장 됩니다.
2020/11/29 21:35:25
기존 매물의 갯수는
28
새 데이터의 매물의 갯수는
28
새로운 매물의 id는
새로운 매물이 없습니다.
삭제된 매물의 id는
삭제된 매물이 없습니다.
가장 최상의 매물은
정자역엠코헤리츠2단지
20.11.27.
2067298206
새로운 매물과 삭제된 매물은 5분씩 검색하며, 정보는 new_prd_list_new_2.txt에 저장 됩니다.
2020/11/29 21:40:25
기존 매물의 갯수는
28
새 데이터의 매물의 갯수는
28
새로운 매물의 id는
새로운 매물이 없습니다.
삭제된 매물의 id는
삭제된 매물이 없습니다.
가장 최상의 매물은
정자역엠코헤리츠2단지
20.11.27.
2067298206
새로운 매물과 삭제된 매물은 5분씩 검색하며, 정보는 new_prd_list_new_2.txt에 저장 됩니다.
2020/11/29 21:45:25
기존 매물의 갯수는
28
새 데이터의 매물의 갯수는
28
새로운 매물의 id는
새로운 매물이 없습니다.
삭제된 매물의 id는
삭제된 매물이 없습니다.
가장 최상의 매물은
정자역엠코헤리츠2단지
20.11.27.
2067298206
새로운 매물과 삭제된 매물은 5분씩 검색하며, 정보는 new_prd_list_new_2.txt에 저장 됩니다.
2020/11/29 21:50:25
기존 매물의 갯수는
28
새 데이터의 매물의 갯수는
28
새로운 매물의 id는
새로운 매물이 없습니다.
삭제된 매물의 id는
삭제된 매물이 없습니다.
가장 최상의 매물은
정자역엠코헤리츠2단지
20.11.27.
2067298206
새로운 매물과 삭제된 매물은 5분씩 검색하며, 정보는 new_prd_list_new_2.txt에 저장 됩니다.
2020/11/29 21:55:25
기존 매물의 갯수는
28
새 데이터의 매물의 갯수는
28
새로운 매물의 id는
새로운 매물이 없습니다.
삭제된 매물의 id는
삭제된 매물이 없습니다.
가장 최상의 매물은
정자역엠코헤리츠2단지
20.11.27.
2067298206
새로운 매물과 삭제된 매물은 5분씩 검색하며, 정보는 new_prd_list_new_2.txt에 저장 됩니다.
2020/11/29 22:00:25
기존 매물의 갯수는
28
새 데이터의 매물의 갯수는
28
새로운 매물의 id는
새로운 매물이 없습니다.
삭제된 매물의 id는
삭제된 매물이 없습니다.
가장 최상의 매물은
정자역엠코헤리츠2단지
20.11.27.
2067298206
새로운 매물과 삭제된 매물은 5분씩 검색하며, 정보는 new_prd_list_new_2.txt에 저장 됩니다.
2020/11/29 22:05:25
기존 매물의 갯수는
28
새 데이터의 매물의 갯수는
28
새로운 매물의 id는
새로운 매물이 없습니다.
삭제된 매물의 id는
삭제된 매물이 없습니다.
가장 최상의 매물은
정자역엠코헤리츠2단지
20.11.27.
2067298206
새로운 매물과 삭제된 매물은 5분씩 검색하며, 정보는 new_prd_list_new_2.txt에 저장 됩니다.
2020/11/29 22:10:26
기존 매물의 갯수는
28
새 데이터의 매물의 갯수는
28
새로운 매물의 id는
새로운 매물이 없습니다.
삭제된 매물의 id는
삭제된 매물이 없습니다.
가장 최상의 매물은
정자역엠코헤리츠2단지
20.11.27.
2067298206
새로운 매물과 삭제된 매물은 5분씩 검색하며, 정보는 new_prd_list_new_2.txt에 저장 됩니다.
2020/11/29 22:15:26
기존 매물의 갯수는
28
새 데이터의 매물의 갯수는
28
새로운 매물의 id는
새로운 매물이 없습니다.
삭제된 매물의 id는
삭제된 매물이 없습니다.
가장 최상의 매물은
정자역엠코헤리츠2단지
20.11.27.
2067298206
새로운 매물과 삭제된 매물은 5분씩 검색하며, 정보는 new_prd_list_new_2.txt에 저장 됩니다.
2020/11/29 22:20:26
기존 매물의 갯수는
28
새 데이터의 매물의 갯수는
28
새로운 매물의 id는
새로운 매물이 없습니다.
삭제된 매물의 id는
삭제된 매물이 없습니다.
가장 최상의 매물은
정자역엠코헤리츠2단지
20.11.27.
2067298206
새로운 매물과 삭제된 매물은 5분씩 검색하며, 정보는 new_prd_list_new_2.txt에 저장 됩니다.
2020/11/29 22:25:26
기존 매물의 갯수는
28
새 데이터의 매물의 갯수는
28
새로운 매물의 id는
새로운 매물이 없습니다.
삭제된 매물의 id는
삭제된 매물이 없습니다.
가장 최상의 매물은
정자역엠코헤리츠2단지
20.11.27.
2067298206
새로운 매물과 삭제된 매물은 5분씩 검색하며, 정보는 new_prd_list_new_2.txt에 저장 됩니다.
2020/11/29 22:30:26
기존 매물의 갯수는
28
새 데이터의 매물의 갯수는
28
새로운 매물의 id는
새로운 매물이 없습니다.
삭제된 매물의 id는
삭제된 매물이 없습니다.
가장 최상의 매물은
정자역엠코헤리츠2단지
20.11.27.
2067298206
새로운 매물과 삭제된 매물은 5분씩 검색하며, 정보는 new_prd_list_new_2.txt에 저장 됩니다.
2020/11/29 22:35:26
기존 매물의 갯수는
28
새 데이터의 매물의 갯수는
28
새로운 매물의 id는
새로운 매물이 없습니다.
삭제된 매물의 id는
삭제된 매물이 없습니다.
가장 최상의 매물은
정자역엠코헤리츠2단지
20.11.27.
2067298206
새로운 매물과 삭제된 매물은 5분씩 검색하며, 정보는 new_prd_list_new_2.txt에 저장 됩니다.
2020/11/29 22:40:26
기존 매물의 갯수는
28
새 데이터의 매물의 갯수는
28
새로운 매물의 id는
새로운 매물이 없습니다.
삭제된 매물의 id는
삭제된 매물이 없습니다.
가장 최상의 매물은
정자역엠코헤리츠2단지
20.11.27.
2067298206
새로운 매물과 삭제된 매물은 5분씩 검색하며, 정보는 new_prd_list_new_2.txt에 저장 됩니다.
2020/11/29 22:45:26
기존 매물의 갯수는
28
새 데이터의 매물의 갯수는
28
새로운 매물의 id는
새로운 매물이 없습니다.
삭제된 매물의 id는
삭제된 매물이 없습니다.
가장 최상의 매물은
정자역엠코헤리츠2단지
20.11.27.
2067298206
새로운 매물과 삭제된 매물은 5분씩 검색하며, 정보는 new_prd_list_new_2.txt에 저장 됩니다.
2020/11/29 22:50:27
기존 매물의 갯수는
28
새 데이터의 매물의 갯수는
28
새로운 매물의 id는
새로운 매물이 없습니다.
삭제된 매물의 id는
삭제된 매물이 없습니다.
가장 최상의 매물은
정자역엠코헤리츠2단지
20.11.27.
2067298206
새로운 매물과 삭제된 매물은 5분씩 검색하며, 정보는 new_prd_list_new_2.txt에 저장 됩니다.
2020/11/29 22:55:27
기존 매물의 갯수는
28
새 데이터의 매물의 갯수는
28
새로운 매물의 id는
새로운 매물이 없습니다.
삭제된 매물의 id는
삭제된 매물이 없습니다.
가장 최상의 매물은
정자역엠코헤리츠2단지
20.11.27.
2067298206
새로운 매물과 삭제된 매물은 5분씩 검색하며, 정보는 new_prd_list_new_2.txt에 저장 됩니다.
2020/11/29 23:00:27
기존 매물의 갯수는
28
새 데이터의 매물의 갯수는
28
새로운 매물의 id는
새로운 매물이 없습니다.
삭제된 매물의 id는
삭제된 매물이 없습니다.
가장 최상의 매물은
정자역엠코헤리츠2단지
20.11.27.
2067298206
새로운 매물과 삭제된 매물은 5분씩 검색하며, 정보는 new_prd_list_new_2.txt에 저장 됩니다.
2020/11/29 23:05:27
기존 매물의 갯수는
28
새 데이터의 매물의 갯수는
28
새로운 매물의 id는
새로운 매물이 없습니다.
삭제된 매물의 id는
삭제된 매물이 없습니다.
가장 최상의 매물은
정자역엠코헤리츠2단지
20.11.27.
2067298206
새로운 매물과 삭제된 매물은 5분씩 검색하며, 정보는 new_prd_list_new_2.txt에 저장 됩니다.
2020/11/29 23:10:27
기존 매물의 갯수는
28
새 데이터의 매물의 갯수는
28
새로운 매물의 id는
새로운 매물이 없습니다.
삭제된 매물의 id는
삭제된 매물이 없습니다.
가장 최상의 매물은
정자역엠코헤리츠2단지
20.11.27.
2067298206
새로운 매물과 삭제된 매물은 5분씩 검색하며, 정보는 new_prd_list_new_2.txt에 저장 됩니다.
2020/11/29 23:15:27
기존 매물의 갯수는
28
새 데이터의 매물의 갯수는
28
새로운 매물의 id는
새로운 매물이 없습니다.
삭제된 매물의 id는
삭제된 매물이 없습니다.
가장 최상의 매물은
정자역엠코헤리츠2단지
20.11.27.
2067298206
새로운 매물과 삭제된 매물은 5분씩 검색하며, 정보는 new_prd_list_new_2.txt에 저장 됩니다.
2020/11/29 23:20:27
기존 매물의 갯수는
28
새 데이터의 매물의 갯수는
28
새로운 매물의 id는
새로운 매물이 없습니다.
삭제된 매물의 id는
삭제된 매물이 없습니다.
가장 최상의 매물은
정자역엠코헤리츠2단지
20.11.27.
2067298206
새로운 매물과 삭제된 매물은 5분씩 검색하며, 정보는 new_prd_list_new_2.txt에 저장 됩니다.
2020/11/29 23:25:27
기존 매물의 갯수는
28
새 데이터의 매물의 갯수는
28
새로운 매물의 id는
새로운 매물이 없습니다.
삭제된 매물의 id는
삭제된 매물이 없습니다.
가장 최상의 매물은
정자역엠코헤리츠2단지
20.11.27.
2067298206
새로운 매물과 삭제된 매물은 5분씩 검색하며, 정보는 new_prd_list_new_2.txt에 저장 됩니다.
2020/11/29 23:30:28
기존 매물의 갯수는
28
새 데이터의 매물의 갯수는
28
새로운 매물의 id는
새로운 매물이 없습니다.
삭제된 매물의 id는
삭제된 매물이 없습니다.
가장 최상의 매물은
정자역엠코헤리츠2단지
20.11.27.
2067298206
새로운 매물과 삭제된 매물은 5분씩 검색하며, 정보는 new_prd_list_new_2.txt에 저장 됩니다.
2020/11/29 23:35:28
기존 매물의 갯수는
28
새 데이터의 매물의 갯수는
28
새로운 매물의 id는
새로운 매물이 없습니다.
삭제된 매물의 id는
삭제된 매물이 없습니다.
가장 최상의 매물은
정자역엠코헤리츠2단지
20.11.27.
2067298206
새로운 매물과 삭제된 매물은 5분씩 검색하며, 정보는 new_prd_list_new_2.txt에 저장 됩니다.
2020/11/29 23:40:28
기존 매물의 갯수는
28
새 데이터의 매물의 갯수는
28
새로운 매물의 id는
새로운 매물이 없습니다.
삭제된 매물의 id는
삭제된 매물이 없습니다.
가장 최상의 매물은
정자역엠코헤리츠2단지
20.11.27.
2067298206
새로운 매물과 삭제된 매물은 5분씩 검색하며, 정보는 new_prd_list_new_2.txt에 저장 됩니다.
2020/11/29 23:45:28
기존 매물의 갯수는
28
새 데이터의 매물의 갯수는
28
새로운 매물의 id는
새로운 매물이 없습니다.
삭제된 매물의 id는
삭제된 매물이 없습니다.
가장 최상의 매물은
정자역엠코헤리츠2단지
20.11.27.
2067298206
새로운 매물과 삭제된 매물은 5분씩 검색하며, 정보는 new_prd_list_new_2.txt에 저장 됩니다.
2020/11/29 23:50:28
기존 매물의 갯수는
28
새 데이터의 매물의 갯수는
28
새로운 매물의 id는
새로운 매물이 없습니다.
삭제된 매물의 id는
삭제된 매물이 없습니다.
가장 최상의 매물은
정자역엠코헤리츠2단지
20.11.27.
2067298206
새로운 매물과 삭제된 매물은 5분씩 검색하며, 정보는 new_prd_list_new_2.txt에 저장 됩니다.
2020/11/29 23:55:28
기존 매물의 갯수는
28
새 데이터의 매물의 갯수는
28
새로운 매물의 id는
새로운 매물이 없습니다.
삭제된 매물의 id는
삭제된 매물이 없습니다.
가장 최상의 매물은
정자역엠코헤리츠2단지
20.11.27.
2067298206
새로운 매물과 삭제된 매물은 5분씩 검색하며, 정보는 new_prd_list_new_2.txt에 저장 됩니다.
2020/11/29 24:00:28
기존 매물의 갯수는
28
새 데이터의 매물의 갯수는
28
새로운 매물의 id는
새로운 매물이 없습니다.
삭제된 매물의 id는
삭제된 매물이 없습니다.
가장 최상의 매물은
정자역엠코헤리츠2단지
20.11.27.
2067298206
새로운 매물과 삭제된 매물은 5분씩 검색하며, 정보는 new_prd_list_new_2.txt에 저장 됩니다.
2020/11/29 24:05:28
기존 매물의 갯수는
28
새 데이터의 매물의 갯수는
28
새로운 매물의 id는
새로운 매물이 없습니다.
삭제된 매물의 id는
삭제된 매물이 없습니다.
가장 최상의 매물은
정자역엠코헤리츠2단지
20.11.27.
2067298206
새로운 매물과 삭제된 매물은 5분씩 검색하며, 정보는 new_prd_list_new_2.txt에 저장 됩니다.
2020/11/29 24:10:29
기존 매물의 갯수는
28
새 데이터의 매물의 갯수는
28
새로운 매물의 id는
새로운 매물이 없습니다.
삭제된 매물의 id는
삭제된 매물이 없습니다.
가장 최상의 매물은
정자역엠코헤리츠2단지
20.11.27.
2067298206
새로운 매물과 삭제된 매물은 5분씩 검색하며, 정보는 new_prd_list_new_2.txt에 저장 됩니다.
2020/11/29 24:15:29
기존 매물의 갯수는
28
새 데이터의 매물의 갯수는
28
새로운 매물의 id는
새로운 매물이 없습니다.
삭제된 매물의 id는
삭제된 매물이 없습니다.
가장 최상의 매물은
정자역엠코헤리츠2단지
20.11.27.
2067298206
새로운 매물과 삭제된 매물은 5분씩 검색하며, 정보는 new_prd_list_new_2.txt에 저장 됩니다.
2020/11/29 24:20:29
기존 매물의 갯수는
28
새 데이터의 매물의 갯수는
28
새로운 매물의 id는
새로운 매물이 없습니다.
삭제된 매물의 id는
삭제된 매물이 없습니다.
가장 최상의 매물은
정자역엠코헤리츠2단지
20.11.27.
2067298206
새로운 매물과 삭제된 매물은 5분씩 검색하며, 정보는 new_prd_list_new_2.txt에 저장 됩니다.
2020/11/29 24:25:29
기존 매물의 갯수는
28
새 데이터의 매물의 갯수는
28
새로운 매물의 id는
새로운 매물이 없습니다.
삭제된 매물의 id는
삭제된 매물이 없습니다.
가장 최상의 매물은
정자역엠코헤리츠2단지
20.11.27.
2067298206
새로운 매물과 삭제된 매물은 5분씩 검색하며, 정보는 new_prd_list_new_2.txt에 저장 됩니다.
2020/11/29 24:30:29
기존 매물의 갯수는
28
새 데이터의 매물의 갯수는
28
새로운 매물의 id는
새로운 매물이 없습니다.
삭제된 매물의 id는
삭제된 매물이 없습니다.
가장 최상의 매물은
정자역엠코헤리츠2단지
20.11.27.
2067298206
새로운 매물과 삭제된 매물은 5분씩 검색하며, 정보는 new_prd_list_new_2.txt에 저장 됩니다.
2020/11/29 24:35:29
기존 매물의 갯수는
28
새 데이터의 매물의 갯수는
28
새로운 매물의 id는
새로운 매물이 없습니다.
삭제된 매물의 id는
삭제된 매물이 없습니다.
가장 최상의 매물은
정자역엠코헤리츠2단지
20.11.27.
2067298206
새로운 매물과 삭제된 매물은 5분씩 검색하며, 정보는 new_prd_list_new_2.txt에 저장 됩니다.
2020/11/29 24:40:29
기존 매물의 갯수는
28
새 데이터의 매물의 갯수는
28
새로운 매물의 id는
새로운 매물이 없습니다.
삭제된 매물의 id는
삭제된 매물이 없습니다.
가장 최상의 매물은
정자역엠코헤리츠2단지
20.11.27.
2067298206
새로운 매물과 삭제된 매물은 5분씩 검색하며, 정보는 new_prd_list_new_2.txt에 저장 됩니다.
2020/11/29 24:45:30
기존 매물의 갯수는
28
새 데이터의 매물의 갯수는
28
새로운 매물의 id는
새로운 매물이 없습니다.
삭제된 매물의 id는
삭제된 매물이 없습니다.
가장 최상의 매물은
정자역엠코헤리츠2단지
20.11.27.
2067298206
새로운 매물과 삭제된 매물은 5분씩 검색하며, 정보는 new_prd_list_new_2.txt에 저장 됩니다.
2020/11/29 24:50:30
기존 매물의 갯수는
28
새 데이터의 매물의 갯수는
28
새로운 매물의 id는
새로운 매물이 없습니다.
삭제된 매물의 id는
삭제된 매물이 없습니다.
가장 최상의 매물은
정자역엠코헤리츠2단지
20.11.27.
2067298206
새로운 매물과 삭제된 매물은 5분씩 검색하며, 정보는 new_prd_list_new_2.txt에 저장 됩니다.
2020/11/29 24:55:30
기존 매물의 갯수는
28
새 데이터의 매물의 갯수는
28
새로운 매물의 id는
새로운 매물이 없습니다.
삭제된 매물의 id는
삭제된 매물이 없습니다.
가장 최상의 매물은
정자역엠코헤리츠2단지
20.11.27.
2067298206
새로운 매물과 삭제된 매물은 5분씩 검색하며, 정보는 new_prd_list_new_2.txt에 저장 됩니다.
2020/11/29 25:00:30
기존 매물의 갯수는
28
새 데이터의 매물의 갯수는
28
새로운 매물의 id는
새로운 매물이 없습니다.
삭제된 매물의 id는
삭제된 매물이 없습니다.
가장 최상의 매물은
정자역엠코헤리츠2단지
20.11.27.
2067298206
새로운 매물과 삭제된 매물은 5분씩 검색하며, 정보는 new_prd_list_new_2.txt에 저장 됩니다.
2020/11/29 25:05:30
기존 매물의 갯수는
28
새 데이터의 매물의 갯수는
28
새로운 매물의 id는
새로운 매물이 없습니다.
삭제된 매물의 id는
삭제된 매물이 없습니다.
가장 최상의 매물은
정자역엠코헤리츠2단지
20.11.27.
2067298206
새로운 매물과 삭제된 매물은 5분씩 검색하며, 정보는 new_prd_list_new_2.txt에 저장 됩니다.
2020/11/29 25:10:30
기존 매물의 갯수는
28
새 데이터의 매물의 갯수는
28
새로운 매물의 id는
새로운 매물이 없습니다.
삭제된 매물의 id는
삭제된 매물이 없습니다.
가장 최상의 매물은
정자역엠코헤리츠2단지
20.11.27.
2067298206
새로운 매물과 삭제된 매물은 5분씩 검색하며, 정보는 new_prd_list_new_2.txt에 저장 됩니다.
2020/11/29 25:15:30
기존 매물의 갯수는
28
새 데이터의 매물의 갯수는
28
새로운 매물의 id는
새로운 매물이 없습니다.
삭제된 매물의 id는
삭제된 매물이 없습니다.
가장 최상의 매물은
정자역엠코헤리츠2단지
20.11.27.
2067298206
새로운 매물과 삭제된 매물은 5분씩 검색하며, 정보는 new_prd_list_new_2.txt에 저장 됩니다.
2020/11/29 25:20:30
기존 매물의 갯수는
28
새 데이터의 매물의 갯수는
28
새로운 매물의 id는
새로운 매물이 없습니다.
삭제된 매물의 id는
삭제된 매물이 없습니다.
가장 최상의 매물은
정자역엠코헤리츠2단지
20.11.27.
2067298206
새로운 매물과 삭제된 매물은 5분씩 검색하며, 정보는 new_prd_list_new_2.txt에 저장 됩니다.
2020/11/29 25:25:31
기존 매물의 갯수는
28
새 데이터의 매물의 갯수는
28
새로운 매물의 id는
새로운 매물이 없습니다.
삭제된 매물의 id는
삭제된 매물이 없습니다.
가장 최상의 매물은
정자역엠코헤리츠2단지
20.11.27.
2067298206
새로운 매물과 삭제된 매물은 5분씩 검색하며, 정보는 new_prd_list_new_2.txt에 저장 됩니다.
2020/11/29 25:30:31
기존 매물의 갯수는
28
새 데이터의 매물의 갯수는
28
새로운 매물의 id는
새로운 매물이 없습니다.
삭제된 매물의 id는
삭제된 매물이 없습니다.
가장 최상의 매물은
정자역엠코헤리츠2단지
20.11.27.
2067298206
새로운 매물과 삭제된 매물은 5분씩 검색하며, 정보는 new_prd_list_new_2.txt에 저장 됩니다.
2020/11/29 25:35:31
기존 매물의 갯수는
28
새 데이터의 매물의 갯수는
28
새로운 매물의 id는
새로운 매물이 없습니다.
삭제된 매물의 id는
삭제된 매물이 없습니다.
가장 최상의 매물은
정자역엠코헤리츠2단지
20.11.27.
2067298206
새로운 매물과 삭제된 매물은 5분씩 검색하며, 정보는 new_prd_list_new_2.txt에 저장 됩니다.
2020/11/29 25:40:31
기존 매물의 갯수는
28
새 데이터의 매물의 갯수는
28
새로운 매물의 id는
새로운 매물이 없습니다.
삭제된 매물의 id는
삭제된 매물이 없습니다.
가장 최상의 매물은
정자역엠코헤리츠2단지
20.11.27.
2067298206
새로운 매물과 삭제된 매물은 5분씩 검색하며, 정보는 new_prd_list_new_2.txt에 저장 됩니다.
2020/11/29 25:45:31
기존 매물의 갯수는
28
새 데이터의 매물의 갯수는
28
새로운 매물의 id는
새로운 매물이 없습니다.
삭제된 매물의 id는
삭제된 매물이 없습니다.
가장 최상의 매물은
정자역엠코헤리츠2단지
20.11.27.
2067298206
새로운 매물과 삭제된 매물은 5분씩 검색하며, 정보는 new_prd_list_new_2.txt에 저장 됩니다.
2020/11/29 25:50:31
기존 매물의 갯수는
28
새 데이터의 매물의 갯수는
28
새로운 매물의 id는
새로운 매물이 없습니다.
삭제된 매물의 id는
삭제된 매물이 없습니다.
가장 최상의 매물은
정자역엠코헤리츠2단지
20.11.27.
2067298206
새로운 매물과 삭제된 매물은 5분씩 검색하며, 정보는 new_prd_list_new_2.txt에 저장 됩니다.
2020/11/29 25:55:31
기존 매물의 갯수는
28
새 데이터의 매물의 갯수는
28
새로운 매물의 id는
새로운 매물이 없습니다.
삭제된 매물의 id는
삭제된 매물이 없습니다.
가장 최상의 매물은
정자역엠코헤리츠2단지
20.11.27.
2067298206
새로운 매물과 삭제된 매물은 5분씩 검색하며, 정보는 new_prd_list_new_2.txt에 저장 됩니다.
2020/11/29 26:00:31
기존 매물의 갯수는
28
새 데이터의 매물의 갯수는
28
새로운 매물의 id는
새로운 매물이 없습니다.
삭제된 매물의 id는
삭제된 매물이 없습니다.
가장 최상의 매물은
정자역엠코헤리츠2단지
20.11.27.
2067298206
새로운 매물과 삭제된 매물은 5분씩 검색하며, 정보는 new_prd_list_new_2.txt에 저장 됩니다.
2020/11/29 26:05:32
기존 매물의 갯수는
28
새 데이터의 매물의 갯수는
28
새로운 매물의 id는
새로운 매물이 없습니다.
삭제된 매물의 id는
삭제된 매물이 없습니다.
가장 최상의 매물은
정자역엠코헤리츠2단지
20.11.27.
2067298206
새로운 매물과 삭제된 매물은 5분씩 검색하며, 정보는 new_prd_list_new_2.txt에 저장 됩니다.
2020/11/29 26:10:32
기존 매물의 갯수는
28
새 데이터의 매물의 갯수는
28
새로운 매물의 id는
새로운 매물이 없습니다.
삭제된 매물의 id는
삭제된 매물이 없습니다.
가장 최상의 매물은
정자역엠코헤리츠2단지
20.11.27.
2067298206
새로운 매물과 삭제된 매물은 5분씩 검색하며, 정보는 new_prd_list_new_2.txt에 저장 됩니다.
2020/11/29 26:15:32
기존 매물의 갯수는
28
새 데이터의 매물의 갯수는
28
새로운 매물의 id는
새로운 매물이 없습니다.
삭제된 매물의 id는
삭제된 매물이 없습니다.
가장 최상의 매물은
정자역엠코헤리츠2단지
20.11.27.
2067298206
새로운 매물과 삭제된 매물은 5분씩 검색하며, 정보는 new_prd_list_new_2.txt에 저장 됩니다.
2020/11/29 26:20:32
기존 매물의 갯수는
28
새 데이터의 매물의 갯수는
28
새로운 매물의 id는
새로운 매물이 없습니다.
삭제된 매물의 id는
삭제된 매물이 없습니다.
가장 최상의 매물은
정자역엠코헤리츠2단지
20.11.27.
2067298206
새로운 매물과 삭제된 매물은 5분씩 검색하며, 정보는 new_prd_list_new_2.txt에 저장 됩니다.
2020/11/29 26:25:32
기존 매물의 갯수는
28
새 데이터의 매물의 갯수는
28
새로운 매물의 id는
새로운 매물이 없습니다.
삭제된 매물의 id는
삭제된 매물이 없습니다.
가장 최상의 매물은
정자역엠코헤리츠2단지
20.11.27.
2067298206
새로운 매물과 삭제된 매물은 5분씩 검색하며, 정보는 new_prd_list_new_2.txt에 저장 됩니다.
2020/11/29 26:30:32
기존 매물의 갯수는
28
새 데이터의 매물의 갯수는
28
새로운 매물의 id는
새로운 매물이 없습니다.
삭제된 매물의 id는
삭제된 매물이 없습니다.
가장 최상의 매물은
정자역엠코헤리츠2단지
20.11.27.
2067298206
새로운 매물과 삭제된 매물은 5분씩 검색하며, 정보는 new_prd_list_new_2.txt에 저장 됩니다.
2020/11/29 26:35:32
기존 매물의 갯수는
28
새 데이터의 매물의 갯수는
28
새로운 매물의 id는
새로운 매물이 없습니다.
삭제된 매물의 id는
삭제된 매물이 없습니다.
가장 최상의 매물은
정자역엠코헤리츠2단지
20.11.27.
2067298206
새로운 매물과 삭제된 매물은 5분씩 검색하며, 정보는 new_prd_list_new_2.txt에 저장 됩니다.
2020/11/29 26:40:32
기존 매물의 갯수는
28
새 데이터의 매물의 갯수는
28
새로운 매물의 id는
새로운 매물이 없습니다.
삭제된 매물의 id는
삭제된 매물이 없습니다.
가장 최상의 매물은
정자역엠코헤리츠2단지
20.11.27.
2067298206
새로운 매물과 삭제된 매물은 5분씩 검색하며, 정보는 new_prd_list_new_2.txt에 저장 됩니다.
2020/11/29 26:45:33
기존 매물의 갯수는
28
새 데이터의 매물의 갯수는
28
새로운 매물의 id는
새로운 매물이 없습니다.
삭제된 매물의 id는
삭제된 매물이 없습니다.
가장 최상의 매물은
정자역엠코헤리츠2단지
20.11.27.
2067298206
새로운 매물과 삭제된 매물은 5분씩 검색하며, 정보는 new_prd_list_new_2.txt에 저장 됩니다.
2020/11/29 26:50:33
기존 매물의 갯수는
28
새 데이터의 매물의 갯수는
28
새로운 매물의 id는
새로운 매물이 없습니다.
삭제된 매물의 id는
삭제된 매물이 없습니다.
가장 최상의 매물은
정자역엠코헤리츠2단지
20.11.27.
2067298206
새로운 매물과 삭제된 매물은 5분씩 검색하며, 정보는 new_prd_list_new_2.txt에 저장 됩니다.
2020/11/29 26:55:33
기존 매물의 갯수는
28
새 데이터의 매물의 갯수는
28
새로운 매물의 id는
새로운 매물이 없습니다.
삭제된 매물의 id는
삭제된 매물이 없습니다.
가장 최상의 매물은
정자역엠코헤리츠2단지
20.11.27.
2067298206
새로운 매물과 삭제된 매물은 5분씩 검색하며, 정보는 new_prd_list_new_2.txt에 저장 됩니다.
2020/11/29 27:00:33
기존 매물의 갯수는
28
새 데이터의 매물의 갯수는
28
새로운 매물의 id는
새로운 매물이 없습니다.
삭제된 매물의 id는
삭제된 매물이 없습니다.
가장 최상의 매물은
정자역엠코헤리츠2단지
20.11.27.
2067298206
새로운 매물과 삭제된 매물은 5분씩 검색하며, 정보는 new_prd_list_new_2.txt에 저장 됩니다.
2020/11/29 27:05:33
기존 매물의 갯수는
28
새 데이터의 매물의 갯수는
28
새로운 매물의 id는
새로운 매물이 없습니다.
삭제된 매물의 id는
삭제된 매물이 없습니다.
가장 최상의 매물은
정자역엠코헤리츠2단지
20.11.27.
2067298206
새로운 매물과 삭제된 매물은 5분씩 검색하며, 정보는 new_prd_list_new_2.txt에 저장 됩니다.
2020/11/29 27:10:33
기존 매물의 갯수는
28
새 데이터의 매물의 갯수는
28
새로운 매물의 id는
새로운 매물이 없습니다.
삭제된 매물의 id는
삭제된 매물이 없습니다.
가장 최상의 매물은
정자역엠코헤리츠2단지
20.11.27.
2067298206
새로운 매물과 삭제된 매물은 5분씩 검색하며, 정보는 new_prd_list_new_2.txt에 저장 됩니다.
2020/11/29 27:15:33
기존 매물의 갯수는
28
새 데이터의 매물의 갯수는
28
새로운 매물의 id는
새로운 매물이 없습니다.
삭제된 매물의 id는
삭제된 매물이 없습니다.
가장 최상의 매물은
정자역엠코헤리츠2단지
20.11.27.
2067298206
새로운 매물과 삭제된 매물은 5분씩 검색하며, 정보는 new_prd_list_new_2.txt에 저장 됩니다.
2020/11/29 27:20:33
기존 매물의 갯수는
28
새 데이터의 매물의 갯수는
28
새로운 매물의 id는
새로운 매물이 없습니다.
삭제된 매물의 id는
삭제된 매물이 없습니다.
가장 최상의 매물은
정자역엠코헤리츠2단지
20.11.27.
2067298206
새로운 매물과 삭제된 매물은 5분씩 검색하며, 정보는 new_prd_list_new_2.txt에 저장 됩니다.
2020/11/29 27:25:33
기존 매물의 갯수는
28
새 데이터의 매물의 갯수는
28
새로운 매물의 id는
새로운 매물이 없습니다.
삭제된 매물의 id는
삭제된 매물이 없습니다.
가장 최상의 매물은
정자역엠코헤리츠2단지
20.11.27.
2067298206
새로운 매물과 삭제된 매물은 5분씩 검색하며, 정보는 new_prd_list_new_2.txt에 저장 됩니다.
2020/11/29 27:30:34
기존 매물의 갯수는
28
새 데이터의 매물의 갯수는
28
새로운 매물의 id는
새로운 매물이 없습니다.
삭제된 매물의 id는
삭제된 매물이 없습니다.
가장 최상의 매물은
정자역엠코헤리츠2단지
20.11.27.
2067298206
새로운 매물과 삭제된 매물은 5분씩 검색하며, 정보는 new_prd_list_new_2.txt에 저장 됩니다.
2020/11/29 27:35:34
기존 매물의 갯수는
28
새 데이터의 매물의 갯수는
28
새로운 매물의 id는
새로운 매물이 없습니다.
삭제된 매물의 id는
삭제된 매물이 없습니다.
가장 최상의 매물은
정자역엠코헤리츠2단지
20.11.27.
2067298206
새로운 매물과 삭제된 매물은 5분씩 검색하며, 정보는 new_prd_list_new_2.txt에 저장 됩니다.
2020/11/29 27:40:34
기존 매물의 갯수는
28
새 데이터의 매물의 갯수는
28
새로운 매물의 id는
새로운 매물이 없습니다.
삭제된 매물의 id는
삭제된 매물이 없습니다.
가장 최상의 매물은
정자역엠코헤리츠2단지
20.11.27.
2067298206
새로운 매물과 삭제된 매물은 5분씩 검색하며, 정보는 new_prd_list_new_2.txt에 저장 됩니다.
2020/11/29 27:45:34
기존 매물의 갯수는
28
새 데이터의 매물의 갯수는
28
새로운 매물의 id는
새로운 매물이 없습니다.
삭제된 매물의 id는
삭제된 매물이 없습니다.
가장 최상의 매물은
정자역엠코헤리츠2단지
20.11.27.
2067298206
새로운 매물과 삭제된 매물은 5분씩 검색하며, 정보는 new_prd_list_new_2.txt에 저장 됩니다.
2020/11/29 27:50:34
기존 매물의 갯수는
28
새 데이터의 매물의 갯수는
28
새로운 매물의 id는
새로운 매물이 없습니다.
삭제된 매물의 id는
삭제된 매물이 없습니다.
가장 최상의 매물은
정자역엠코헤리츠2단지
20.11.27.
2067298206
새로운 매물과 삭제된 매물은 5분씩 검색하며, 정보는 new_prd_list_new_2.txt에 저장 됩니다.
2020/11/29 27:55:34
기존 매물의 갯수는
28
새 데이터의 매물의 갯수는
28
새로운 매물의 id는
새로운 매물이 없습니다.
삭제된 매물의 id는
삭제된 매물이 없습니다.
가장 최상의 매물은
정자역엠코헤리츠2단지
20.11.27.
2067298206
새로운 매물과 삭제된 매물은 5분씩 검색하며, 정보는 new_prd_list_new_2.txt에 저장 됩니다.
2020/11/29 28:00:34
기존 매물의 갯수는
28
새 데이터의 매물의 갯수는
28
새로운 매물의 id는
새로운 매물이 없습니다.
삭제된 매물의 id는
삭제된 매물이 없습니다.
가장 최상의 매물은
정자역엠코헤리츠2단지
20.11.27.
2067298206
새로운 매물과 삭제된 매물은 5분씩 검색하며, 정보는 new_prd_list_new_2.txt에 저장 됩니다.
2020/11/29 28:05:34
기존 매물의 갯수는
28
새 데이터의 매물의 갯수는
28
새로운 매물의 id는
새로운 매물이 없습니다.
삭제된 매물의 id는
삭제된 매물이 없습니다.
가장 최상의 매물은
정자역엠코헤리츠2단지
20.11.27.
2067298206
새로운 매물과 삭제된 매물은 5분씩 검색하며, 정보는 new_prd_list_new_2.txt에 저장 됩니다.
2020/11/29 28:10:34
기존 매물의 갯수는
28
새 데이터의 매물의 갯수는
28
새로운 매물의 id는
새로운 매물이 없습니다.
삭제된 매물의 id는
삭제된 매물이 없습니다.
가장 최상의 매물은
정자역엠코헤리츠2단지
20.11.27.
2067298206
새로운 매물과 삭제된 매물은 5분씩 검색하며, 정보는 new_prd_list_new_2.txt에 저장 됩니다.
2020/11/29 28:15:35
기존 매물의 갯수는
28
새 데이터의 매물의 갯수는
28
새로운 매물의 id는
새로운 매물이 없습니다.
삭제된 매물의 id는
삭제된 매물이 없습니다.
가장 최상의 매물은
정자역엠코헤리츠2단지
20.11.27.
2067298206
새로운 매물과 삭제된 매물은 5분씩 검색하며, 정보는 new_prd_list_new_2.txt에 저장 됩니다.
2020/11/29 28:20:35
기존 매물의 갯수는
28
새 데이터의 매물의 갯수는
28
새로운 매물의 id는
새로운 매물이 없습니다.
삭제된 매물의 id는
삭제된 매물이 없습니다.
가장 최상의 매물은
정자역엠코헤리츠2단지
20.11.27.
2067298206
새로운 매물과 삭제된 매물은 5분씩 검색하며, 정보는 new_prd_list_new_2.txt에 저장 됩니다.
2020/11/29 28:25:35
기존 매물의 갯수는
28
새 데이터의 매물의 갯수는
28
새로운 매물의 id는
새로운 매물이 없습니다.
삭제된 매물의 id는
삭제된 매물이 없습니다.
가장 최상의 매물은
정자역엠코헤리츠2단지
20.11.27.
2067298206
새로운 매물과 삭제된 매물은 5분씩 검색하며, 정보는 new_prd_list_new_2.txt에 저장 됩니다.
2020/11/29 28:30:35
기존 매물의 갯수는
28
새 데이터의 매물의 갯수는
28
새로운 매물의 id는
새로운 매물이 없습니다.
삭제된 매물의 id는
삭제된 매물이 없습니다.
가장 최상의 매물은
정자역엠코헤리츠2단지
20.11.27.
2067298206
새로운 매물과 삭제된 매물은 5분씩 검색하며, 정보는 new_prd_list_new_2.txt에 저장 됩니다.
2020/11/29 28:35:35
기존 매물의 갯수는
28
새 데이터의 매물의 갯수는
28
새로운 매물의 id는
새로운 매물이 없습니다.
삭제된 매물의 id는
삭제된 매물이 없습니다.
가장 최상의 매물은
정자역엠코헤리츠2단지
20.11.27.
2067298206
새로운 매물과 삭제된 매물은 5분씩 검색하며, 정보는 new_prd_list_new_2.txt에 저장 됩니다.
2020/11/29 28:40:35
기존 매물의 갯수는
28
새 데이터의 매물의 갯수는
28
새로운 매물의 id는
새로운 매물이 없습니다.
삭제된 매물의 id는
삭제된 매물이 없습니다.
가장 최상의 매물은
정자역엠코헤리츠2단지
20.11.27.
2067298206
새로운 매물과 삭제된 매물은 5분씩 검색하며, 정보는 new_prd_list_new_2.txt에 저장 됩니다.
2020/11/29 28:45:35
기존 매물의 갯수는
28
새 데이터의 매물의 갯수는
28
새로운 매물의 id는
새로운 매물이 없습니다.
삭제된 매물의 id는
삭제된 매물이 없습니다.
가장 최상의 매물은
정자역엠코헤리츠2단지
20.11.27.
2067298206
새로운 매물과 삭제된 매물은 5분씩 검색하며, 정보는 new_prd_list_new_2.txt에 저장 됩니다.
2020/11/29 28:50:35
기존 매물의 갯수는
28
새 데이터의 매물의 갯수는
28
새로운 매물의 id는
새로운 매물이 없습니다.
삭제된 매물의 id는
삭제된 매물이 없습니다.
가장 최상의 매물은
정자역엠코헤리츠2단지
20.11.27.
2067298206
새로운 매물과 삭제된 매물은 5분씩 검색하며, 정보는 new_prd_list_new_2.txt에 저장 됩니다.
2020/11/29 28:55:36
기존 매물의 갯수는
28
새 데이터의 매물의 갯수는
28
새로운 매물의 id는
새로운 매물이 없습니다.
삭제된 매물의 id는
삭제된 매물이 없습니다.
가장 최상의 매물은
정자역엠코헤리츠2단지
20.11.27.
2067298206
새로운 매물과 삭제된 매물은 5분씩 검색하며, 정보는 new_prd_list_new_2.txt에 저장 됩니다.
2020/11/29 29:00:36
기존 매물의 갯수는
28
새 데이터의 매물의 갯수는
28
새로운 매물의 id는
새로운 매물이 없습니다.
삭제된 매물의 id는
삭제된 매물이 없습니다.
가장 최상의 매물은
정자역엠코헤리츠2단지
20.11.27.
2067298206
새로운 매물과 삭제된 매물은 5분씩 검색하며, 정보는 new_prd_list_new_2.txt에 저장 됩니다.
2020/11/29 29:05:36
기존 매물의 갯수는
28
새 데이터의 매물의 갯수는
28
새로운 매물의 id는
새로운 매물이 없습니다.
삭제된 매물의 id는
삭제된 매물이 없습니다.
가장 최상의 매물은
정자역엠코헤리츠2단지
20.11.27.
2067298206
새로운 매물과 삭제된 매물은 5분씩 검색하며, 정보는 new_prd_list_new_2.txt에 저장 됩니다.
2020/11/29 29:10:36
기존 매물의 갯수는
28
새 데이터의 매물의 갯수는
28
새로운 매물의 id는
새로운 매물이 없습니다.
삭제된 매물의 id는
삭제된 매물이 없습니다.
가장 최상의 매물은
정자역엠코헤리츠2단지
20.11.27.
2067298206
새로운 매물과 삭제된 매물은 5분씩 검색하며, 정보는 new_prd_list_new_2.txt에 저장 됩니다.
2020/11/29 29:15:36
기존 매물의 갯수는
28
새 데이터의 매물의 갯수는
28
새로운 매물의 id는
새로운 매물이 없습니다.
삭제된 매물의 id는
삭제된 매물이 없습니다.
가장 최상의 매물은
정자역엠코헤리츠2단지
20.11.27.
2067298206
새로운 매물과 삭제된 매물은 5분씩 검색하며, 정보는 new_prd_list_new_2.txt에 저장 됩니다.
2020/11/29 29:20:36
기존 매물의 갯수는
28
새 데이터의 매물의 갯수는
28
새로운 매물의 id는
새로운 매물이 없습니다.
삭제된 매물의 id는
삭제된 매물이 없습니다.
가장 최상의 매물은
정자역엠코헤리츠2단지
20.11.27.
2067298206
새로운 매물과 삭제된 매물은 5분씩 검색하며, 정보는 new_prd_list_new_2.txt에 저장 됩니다.
2020/11/29 29:25:37
기존 매물의 갯수는
28
새 데이터의 매물의 갯수는
28
새로운 매물의 id는
새로운 매물이 없습니다.
삭제된 매물의 id는
삭제된 매물이 없습니다.
가장 최상의 매물은
정자역엠코헤리츠2단지
20.11.27.
2067298206
새로운 매물과 삭제된 매물은 5분씩 검색하며, 정보는 new_prd_list_new_2.txt에 저장 됩니다.
2020/11/29 29:30:37
기존 매물의 갯수는
28
새 데이터의 매물의 갯수는
28
새로운 매물의 id는
새로운 매물이 없습니다.
삭제된 매물의 id는
삭제된 매물이 없습니다.
가장 최상의 매물은
정자역엠코헤리츠2단지
20.11.27.
2067298206
새로운 매물과 삭제된 매물은 5분씩 검색하며, 정보는 new_prd_list_new_2.txt에 저장 됩니다.
2020/11/29 29:35:37
기존 매물의 갯수는
28
새 데이터의 매물의 갯수는
28
새로운 매물의 id는
새로운 매물이 없습니다.
삭제된 매물의 id는
삭제된 매물이 없습니다.
가장 최상의 매물은
정자역엠코헤리츠2단지
20.11.27.
2067298206
새로운 매물과 삭제된 매물은 5분씩 검색하며, 정보는 new_prd_list_new_2.txt에 저장 됩니다.
2020/11/29 29:40:37
기존 매물의 갯수는
28
새 데이터의 매물의 갯수는
28
새로운 매물의 id는
새로운 매물이 없습니다.
삭제된 매물의 id는
삭제된 매물이 없습니다.
가장 최상의 매물은
정자역엠코헤리츠2단지
20.11.27.
2067298206
새로운 매물과 삭제된 매물은 5분씩 검색하며, 정보는 new_prd_list_new_2.txt에 저장 됩니다.
2020/11/29 29:45:37
기존 매물의 갯수는
28
새 데이터의 매물의 갯수는
28
새로운 매물의 id는
새로운 매물이 없습니다.
삭제된 매물의 id는
삭제된 매물이 없습니다.
가장 최상의 매물은
정자역엠코헤리츠2단지
20.11.27.
2067298206
새로운 매물과 삭제된 매물은 5분씩 검색하며, 정보는 new_prd_list_new_2.txt에 저장 됩니다.
2020/11/29 29:50:37
기존 매물의 갯수는
28
새 데이터의 매물의 갯수는
28
새로운 매물의 id는
새로운 매물이 없습니다.
삭제된 매물의 id는
삭제된 매물이 없습니다.
가장 최상의 매물은
정자역엠코헤리츠2단지
20.11.27.
2067298206
새로운 매물과 삭제된 매물은 5분씩 검색하며, 정보는 new_prd_list_new_2.txt에 저장 됩니다.
2020/11/29 29:55:37
기존 매물의 갯수는
28
새 데이터의 매물의 갯수는
28
새로운 매물의 id는
새로운 매물이 없습니다.
삭제된 매물의 id는
삭제된 매물이 없습니다.
가장 최상의 매물은
정자역엠코헤리츠2단지
20.11.27.
2067298206
새로운 매물과 삭제된 매물은 5분씩 검색하며, 정보는 new_prd_list_new_2.txt에 저장 됩니다.
2020/11/29 30:00:37
기존 매물의 갯수는
28
새 데이터의 매물의 갯수는
28
새로운 매물의 id는
새로운 매물이 없습니다.
삭제된 매물의 id는
삭제된 매물이 없습니다.
가장 최상의 매물은
정자역엠코헤리츠2단지
20.11.27.
2067298206
새로운 매물과 삭제된 매물은 5분씩 검색하며, 정보는 new_prd_list_new_2.txt에 저장 됩니다.
2020/11/29 30:05:37
기존 매물의 갯수는
28
새 데이터의 매물의 갯수는
28
새로운 매물의 id는
새로운 매물이 없습니다.
삭제된 매물의 id는
삭제된 매물이 없습니다.
가장 최상의 매물은
정자역엠코헤리츠2단지
20.11.27.
2067298206
새로운 매물과 삭제된 매물은 5분씩 검색하며, 정보는 new_prd_list_new_2.txt에 저장 됩니다.
2020/11/29 30:10:37
기존 매물의 갯수는
28
새 데이터의 매물의 갯수는
28
새로운 매물의 id는
새로운 매물이 없습니다.
삭제된 매물의 id는
삭제된 매물이 없습니다.
가장 최상의 매물은
정자역엠코헤리츠2단지
20.11.27.
2067298206
새로운 매물과 삭제된 매물은 5분씩 검색하며, 정보는 new_prd_list_new_2.txt에 저장 됩니다.
2020/11/29 30:15:38
기존 매물의 갯수는
28
새 데이터의 매물의 갯수는
28
새로운 매물의 id는
새로운 매물이 없습니다.
삭제된 매물의 id는
삭제된 매물이 없습니다.
가장 최상의 매물은
정자역엠코헤리츠2단지
20.11.27.
2067298206
새로운 매물과 삭제된 매물은 5분씩 검색하며, 정보는 new_prd_list_new_2.txt에 저장 됩니다.
2020/11/29 30:20:38
기존 매물의 갯수는
28
새 데이터의 매물의 갯수는
28
새로운 매물의 id는
새로운 매물이 없습니다.
삭제된 매물의 id는
삭제된 매물이 없습니다.
가장 최상의 매물은
정자역엠코헤리츠2단지
20.11.27.
2067298206
새로운 매물과 삭제된 매물은 5분씩 검색하며, 정보는 new_prd_list_new_2.txt에 저장 됩니다.
2020/11/29 30:25:38
기존 매물의 갯수는
28
새 데이터의 매물의 갯수는
28
새로운 매물의 id는
새로운 매물이 없습니다.
삭제된 매물의 id는
삭제된 매물이 없습니다.
가장 최상의 매물은
정자역엠코헤리츠2단지
20.11.27.
2067298206
새로운 매물과 삭제된 매물은 5분씩 검색하며, 정보는 new_prd_list_new_2.txt에 저장 됩니다.
2020/11/29 30:30:38
기존 매물의 갯수는
28
새 데이터의 매물의 갯수는
28
새로운 매물의 id는
새로운 매물이 없습니다.
삭제된 매물의 id는
삭제된 매물이 없습니다.
가장 최상의 매물은
정자역엠코헤리츠2단지
20.11.27.
2067298206
새로운 매물과 삭제된 매물은 5분씩 검색하며, 정보는 new_prd_list_new_2.txt에 저장 됩니다.
2020/11/29 30:35:38
기존 매물의 갯수는
28
새 데이터의 매물의 갯수는
28
새로운 매물의 id는
새로운 매물이 없습니다.
삭제된 매물의 id는
삭제된 매물이 없습니다.
가장 최상의 매물은
정자역엠코헤리츠2단지
20.11.27.
2067298206
새로운 매물과 삭제된 매물은 5분씩 검색하며, 정보는 new_prd_list_new_2.txt에 저장 됩니다.
2020/11/29 30:40:38
기존 매물의 갯수는
28
새 데이터의 매물의 갯수는
28
새로운 매물의 id는
새로운 매물이 없습니다.
삭제된 매물의 id는
삭제된 매물이 없습니다.
가장 최상의 매물은
정자역엠코헤리츠2단지
20.11.27.
2067298206
새로운 매물과 삭제된 매물은 5분씩 검색하며, 정보는 new_prd_list_new_2.txt에 저장 됩니다.
2020/11/29 30:45:38
기존 매물의 갯수는
28
새 데이터의 매물의 갯수는
28
새로운 매물의 id는
새로운 매물이 없습니다.
삭제된 매물의 id는
삭제된 매물이 없습니다.
가장 최상의 매물은
정자역엠코헤리츠2단지
20.11.27.
2067298206
새로운 매물과 삭제된 매물은 5분씩 검색하며, 정보는 new_prd_list_new_2.txt에 저장 됩니다.
2020/11/29 30:50:38
기존 매물의 갯수는
28
새 데이터의 매물의 갯수는
28
새로운 매물의 id는
새로운 매물이 없습니다.
삭제된 매물의 id는
삭제된 매물이 없습니다.
가장 최상의 매물은
정자역엠코헤리츠2단지
20.11.27.
2067298206
새로운 매물과 삭제된 매물은 5분씩 검색하며, 정보는 new_prd_list_new_2.txt에 저장 됩니다.
2020/11/29 30:55:38
기존 매물의 갯수는
28
새 데이터의 매물의 갯수는
28
새로운 매물의 id는
새로운 매물이 없습니다.
삭제된 매물의 id는
삭제된 매물이 없습니다.
가장 최상의 매물은
정자역엠코헤리츠2단지
20.11.27.
2067298206
새로운 매물과 삭제된 매물은 5분씩 검색하며, 정보는 new_prd_list_new_2.txt에 저장 됩니다.
2020/11/29 31:00:39
기존 매물의 갯수는
28
새 데이터의 매물의 갯수는
28
새로운 매물의 id는
새로운 매물이 없습니다.
삭제된 매물의 id는
삭제된 매물이 없습니다.
가장 최상의 매물은
정자역엠코헤리츠2단지
20.11.27.
2067298206
새로운 매물과 삭제된 매물은 5분씩 검색하며, 정보는 new_prd_list_new_2.txt에 저장 됩니다.
2020/11/29 31:05:39
기존 매물의 갯수는
28
새 데이터의 매물의 갯수는
28
새로운 매물의 id는
새로운 매물이 없습니다.
삭제된 매물의 id는
삭제된 매물이 없습니다.
가장 최상의 매물은
정자역엠코헤리츠2단지
20.11.27.
2067298206
새로운 매물과 삭제된 매물은 5분씩 검색하며, 정보는 new_prd_list_new_2.txt에 저장 됩니다.
2020/11/29 31:10:39
기존 매물의 갯수는
28
새 데이터의 매물의 갯수는
28
새로운 매물의 id는
새로운 매물이 없습니다.
삭제된 매물의 id는
삭제된 매물이 없습니다.
가장 최상의 매물은
정자역엠코헤리츠2단지
20.11.27.
2067298206
새로운 매물과 삭제된 매물은 5분씩 검색하며, 정보는 new_prd_list_new_2.txt에 저장 됩니다.
2020/11/29 31:15:39
기존 매물의 갯수는
28
새 데이터의 매물의 갯수는
28
새로운 매물의 id는
새로운 매물이 없습니다.
삭제된 매물의 id는
삭제된 매물이 없습니다.
가장 최상의 매물은
정자역엠코헤리츠2단지
20.11.27.
2067298206
새로운 매물과 삭제된 매물은 5분씩 검색하며, 정보는 new_prd_list_new_2.txt에 저장 됩니다.
2020/11/29 31:20:39
기존 매물의 갯수는
28
새 데이터의 매물의 갯수는
28
새로운 매물의 id는
새로운 매물이 없습니다.
삭제된 매물의 id는
삭제된 매물이 없습니다.
가장 최상의 매물은
정자역엠코헤리츠2단지
20.11.27.
2067298206
새로운 매물과 삭제된 매물은 5분씩 검색하며, 정보는 new_prd_list_new_2.txt에 저장 됩니다.
2020/11/29 31:25:39
기존 매물의 갯수는
28
새 데이터의 매물의 갯수는
28
새로운 매물의 id는
새로운 매물이 없습니다.
삭제된 매물의 id는
삭제된 매물이 없습니다.
가장 최상의 매물은
정자역엠코헤리츠2단지
20.11.27.
2067298206
새로운 매물과 삭제된 매물은 5분씩 검색하며, 정보는 new_prd_list_new_2.txt에 저장 됩니다.
2020/11/29 31:30:39
기존 매물의 갯수는
28
새 데이터의 매물의 갯수는
28
새로운 매물의 id는
새로운 매물이 없습니다.
삭제된 매물의 id는
삭제된 매물이 없습니다.
가장 최상의 매물은
정자역엠코헤리츠2단지
20.11.27.
2067298206
새로운 매물과 삭제된 매물은 5분씩 검색하며, 정보는 new_prd_list_new_2.txt에 저장 됩니다.
2020/11/29 31:35:39
기존 매물의 갯수는
28
새 데이터의 매물의 갯수는
28
새로운 매물의 id는
새로운 매물이 없습니다.
삭제된 매물의 id는
삭제된 매물이 없습니다.
가장 최상의 매물은
정자역엠코헤리츠2단지
20.11.27.
2067298206
새로운 매물과 삭제된 매물은 5분씩 검색하며, 정보는 new_prd_list_new_2.txt에 저장 됩니다.
2020/11/29 31:40:40
기존 매물의 갯수는
28
새 데이터의 매물의 갯수는
28
새로운 매물의 id는
새로운 매물이 없습니다.
삭제된 매물의 id는
삭제된 매물이 없습니다.
가장 최상의 매물은
정자역엠코헤리츠2단지
20.11.27.
2067298206
새로운 매물과 삭제된 매물은 5분씩 검색하며, 정보는 new_prd_list_new_2.txt에 저장 됩니다.
2020/11/29 31:45:40
기존 매물의 갯수는
28
새 데이터의 매물의 갯수는
28
새로운 매물의 id는
새로운 매물이 없습니다.
삭제된 매물의 id는
삭제된 매물이 없습니다.
가장 최상의 매물은
정자역엠코헤리츠2단지
20.11.27.
2067298206
새로운 매물과 삭제된 매물은 5분씩 검색하며, 정보는 new_prd_list_new_2.txt에 저장 됩니다.
2020/11/29 31:50:40
기존 매물의 갯수는
28
새 데이터의 매물의 갯수는
28
새로운 매물의 id는
새로운 매물이 없습니다.
삭제된 매물의 id는
삭제된 매물이 없습니다.
가장 최상의 매물은
정자역엠코헤리츠2단지
20.11.27.
2067298206
새로운 매물과 삭제된 매물은 5분씩 검색하며, 정보는 new_prd_list_new_2.txt에 저장 됩니다.
2020/11/29 31:55:40
기존 매물의 갯수는
28
새 데이터의 매물의 갯수는
28
새로운 매물의 id는
새로운 매물이 없습니다.
삭제된 매물의 id는
삭제된 매물이 없습니다.
가장 최상의 매물은
정자역엠코헤리츠2단지
20.11.27.
2067298206
새로운 매물과 삭제된 매물은 5분씩 검색하며, 정보는 new_prd_list_new_2.txt에 저장 됩니다.
2020/11/29 32:00:40
기존 매물의 갯수는
28
새 데이터의 매물의 갯수는
28
새로운 매물의 id는
새로운 매물이 없습니다.
삭제된 매물의 id는
삭제된 매물이 없습니다.
가장 최상의 매물은
정자역엠코헤리츠2단지
20.11.27.
2067298206
새로운 매물과 삭제된 매물은 5분씩 검색하며, 정보는 new_prd_list_new_2.txt에 저장 됩니다.
2020/11/29 32:05:40
기존 매물의 갯수는
28
새 데이터의 매물의 갯수는
28
새로운 매물의 id는
새로운 매물이 없습니다.
삭제된 매물의 id는
삭제된 매물이 없습니다.
가장 최상의 매물은
정자역엠코헤리츠2단지
20.11.27.
2067298206
새로운 매물과 삭제된 매물은 5분씩 검색하며, 정보는 new_prd_list_new_2.txt에 저장 됩니다.
2020/11/29 32:10:40
기존 매물의 갯수는
28
새 데이터의 매물의 갯수는
28
새로운 매물의 id는
새로운 매물이 없습니다.
삭제된 매물의 id는
삭제된 매물이 없습니다.
가장 최상의 매물은
정자역엠코헤리츠2단지
20.11.27.
2067298206
새로운 매물과 삭제된 매물은 5분씩 검색하며, 정보는 new_prd_list_new_2.txt에 저장 됩니다.
2020/11/29 32:15:40
기존 매물의 갯수는
28
새 데이터의 매물의 갯수는
28
새로운 매물의 id는
새로운 매물이 없습니다.
삭제된 매물의 id는
삭제된 매물이 없습니다.
가장 최상의 매물은
정자역엠코헤리츠2단지
20.11.27.
2067298206
새로운 매물과 삭제된 매물은 5분씩 검색하며, 정보는 new_prd_list_new_2.txt에 저장 됩니다.
2020/11/29 32:20:41
기존 매물의 갯수는
28
새 데이터의 매물의 갯수는
28
새로운 매물의 id는
새로운 매물이 없습니다.
삭제된 매물의 id는
삭제된 매물이 없습니다.
가장 최상의 매물은
정자역엠코헤리츠2단지
20.11.27.
2067298206
새로운 매물과 삭제된 매물은 5분씩 검색하며, 정보는 new_prd_list_new_2.txt에 저장 됩니다.
2020/11/29 32:25:41
기존 매물의 갯수는
28
새 데이터의 매물의 갯수는
28
새로운 매물의 id는
새로운 매물이 없습니다.
삭제된 매물의 id는
삭제된 매물이 없습니다.
가장 최상의 매물은
정자역엠코헤리츠2단지
20.11.27.
2067298206
새로운 매물과 삭제된 매물은 5분씩 검색하며, 정보는 new_prd_list_new_2.txt에 저장 됩니다.
2020/11/29 32:30:41
기존 매물의 갯수는
28
새 데이터의 매물의 갯수는
28
새로운 매물의 id는
새로운 매물이 없습니다.
삭제된 매물의 id는
삭제된 매물이 없습니다.
가장 최상의 매물은
정자역엠코헤리츠2단지
20.11.27.
2067298206
새로운 매물과 삭제된 매물은 5분씩 검색하며, 정보는 new_prd_list_new_2.txt에 저장 됩니다.
2020/11/29 32:35:41
기존 매물의 갯수는
28
새 데이터의 매물의 갯수는
28
새로운 매물의 id는
새로운 매물이 없습니다.
삭제된 매물의 id는
삭제된 매물이 없습니다.
가장 최상의 매물은
정자역엠코헤리츠2단지
20.11.27.
2067298206
새로운 매물과 삭제된 매물은 5분씩 검색하며, 정보는 new_prd_list_new_2.txt에 저장 됩니다.
2020/11/29 32:40:41
기존 매물의 갯수는
28
새 데이터의 매물의 갯수는
28
새로운 매물의 id는
새로운 매물이 없습니다.
삭제된 매물의 id는
삭제된 매물이 없습니다.
가장 최상의 매물은
정자역엠코헤리츠2단지
20.11.27.
2067298206
새로운 매물과 삭제된 매물은 5분씩 검색하며, 정보는 new_prd_list_new_2.txt에 저장 됩니다.
2020/11/29 32:45:41
기존 매물의 갯수는
28
새 데이터의 매물의 갯수는
28
새로운 매물의 id는
새로운 매물이 없습니다.
삭제된 매물의 id는
삭제된 매물이 없습니다.
가장 최상의 매물은
정자역엠코헤리츠2단지
20.11.27.
2067298206
새로운 매물과 삭제된 매물은 5분씩 검색하며, 정보는 new_prd_list_new_2.txt에 저장 됩니다.
2020/11/29 32:50:41
기존 매물의 갯수는
28
새 데이터의 매물의 갯수는
28
새로운 매물의 id는
새로운 매물이 없습니다.
삭제된 매물의 id는
삭제된 매물이 없습니다.
가장 최상의 매물은
정자역엠코헤리츠2단지
20.11.27.
2067298206
새로운 매물과 삭제된 매물은 5분씩 검색하며, 정보는 new_prd_list_new_2.txt에 저장 됩니다.
2020/11/29 32:55:41
기존 매물의 갯수는
28
새 데이터의 매물의 갯수는
28
새로운 매물의 id는
새로운 매물이 없습니다.
삭제된 매물의 id는
삭제된 매물이 없습니다.
가장 최상의 매물은
정자역엠코헤리츠2단지
20.11.27.
2067298206
새로운 매물과 삭제된 매물은 5분씩 검색하며, 정보는 new_prd_list_new_2.txt에 저장 됩니다.
2020/11/30 09:00:41
기존 매물의 갯수는
28
새 데이터의 매물의 갯수는
28
새로운 매물의 id는
새로운 매물이 없습니다.
삭제된 매물의 id는
삭제된 매물이 없습니다.
가장 최상의 매물은
정자역엠코헤리츠2단지
20.11.27.
2067298206
새로운 매물과 삭제된 매물은 5분씩 검색하며, 정보는 new_prd_list_new_2.txt에 저장 됩니다.
2020/11/30 09:05:42
기존 매물의 갯수는
28
새 데이터의 매물의 갯수는
28
새로운 매물의 id는
새로운 매물이 없습니다.
삭제된 매물의 id는
삭제된 매물이 없습니다.
가장 최상의 매물은
정자역엠코헤리츠2단지
20.11.27.
2067298206
새로운 매물과 삭제된 매물은 5분씩 검색하며, 정보는 new_prd_list_new_2.txt에 저장 됩니다.
2020/11/30 09:10:42
기존 매물의 갯수는
28
새 데이터의 매물의 갯수는
28
새로운 매물의 id는
새로운 매물이 없습니다.
삭제된 매물의 id는
삭제된 매물이 없습니다.
가장 최상의 매물은
정자역엠코헤리츠2단지
20.11.27.
2067298206
새로운 매물과 삭제된 매물은 5분씩 검색하며, 정보는 new_prd_list_new_2.txt에 저장 됩니다.
2020/11/30 09:15:42
기존 매물의 갯수는
28
새 데이터의 매물의 갯수는
28
새로운 매물의 id는
새로운 매물이 없습니다.
삭제된 매물의 id는
삭제된 매물이 없습니다.
가장 최상의 매물은
정자역엠코헤리츠2단지
20.11.27.
2067298206
새로운 매물과 삭제된 매물은 5분씩 검색하며, 정보는 new_prd_list_new_2.txt에 저장 됩니다.
2020/11/30 09:20:42
기존 매물의 갯수는
28
새 데이터의 매물의 갯수는
28
새로운 매물의 id는
새로운 매물이 없습니다.
삭제된 매물의 id는
삭제된 매물이 없습니다.
가장 최상의 매물은
정자역엠코헤리츠2단지
20.11.27.
2067298206
새로운 매물과 삭제된 매물은 5분씩 검색하며, 정보는 new_prd_list_new_2.txt에 저장 됩니다.
2020/11/30 09:25:42
기존 매물의 갯수는
28
새 데이터의 매물의 갯수는
28
새로운 매물의 id는
새로운 매물이 없습니다.
삭제된 매물의 id는
삭제된 매물이 없습니다.
가장 최상의 매물은
정자역엠코헤리츠2단지
20.11.27.
2067298206
새로운 매물과 삭제된 매물은 5분씩 검색하며, 정보는 new_prd_list_new_2.txt에 저장 됩니다.
2020/11/30 09:30:42
기존 매물의 갯수는
28
새 데이터의 매물의 갯수는
28
새로운 매물의 id는
새로운 매물이 없습니다.
삭제된 매물의 id는
삭제된 매물이 없습니다.
가장 최상의 매물은
정자역엠코헤리츠2단지
20.11.27.
2067298206
새로운 매물과 삭제된 매물은 5분씩 검색하며, 정보는 new_prd_list_new_2.txt에 저장 됩니다.
2020/11/30 09:35:42
기존 매물의 갯수는
27
새 데이터의 매물의 갯수는
28
새로운 매물의 id는
새로운 매물이 없습니다.
삭제된 매물의 id는
{u'tradTpNm': u'\uc804\uc138', u'prc': 23000, u'point': 730, u'cpLinkVO': {u'mobileBmsInspectPassYn': u'Y', u'pcArticleLinkUseAtArticleTitle': False, u'cpId': u'ten', u'mobileArticleLinkTypeCode': u'NONE', u'mobileArticleLinkUseAtArticleTitle': False, u'mobileArticleLinkUseAtCpName': False, u'pcArticleLinkUseAtCpName': False}, u'minMviFee': 0, u'vrfcTpCd': u'DOC', u'dtlAddr': u'', u'tradeRentPrice': 0, u'atclNo': u'2067071411', u'atclNm': u'\ub300\ub9bc\uc544\ud06c\ub85c\ud154', u'tradeCheckedByOwner': False, u'lng': 127.107556, u'rletTpCd': u'A02', u'bildNm': u'B\ub3d9', u'uprRletTpCd': u'A02', u'etRoomCnt': 0, u'maxMviFee': 0, u'rletTpNm': u'\uc624\ud53c\uc2a4\ud154', u'rentPrc': 0, u'tradePriceHan': u'', u'atclFetrDesc': u'\uc804\uc7851\uc6d4\uc785\uc8fc\uac00', u'direction': u'\uc11c\ud5a5', u'sameAddrCnt': 1, u'cortarNo': u'4113510300', u'rltrNm': u'LBA\ub86f\ub370\uacf5\uc778\uc911\uac1c\uc0ac\uc0ac\ubb34\uc18c', u'cpid': u'ten', u'hanPrc': u'2\uc5b5 3,000', u'cpCnt': 1, u'sameAddrDirectCnt': 0, u'atclStatCd': u'R0', u'lat': 37.36252, u'flrInfo': u'7/10', u'minute': 0, u'tagList': [u'25\ub144\uc774\ub0b4', u'\uc735\uc790\uae08\uc5c6\ub294', u'\uc5ed\uc138\uad8c', u'\ub300\ub2e8\uc9c0'], u'cpNm': u'\ud150\ucef4\uc988', u'atclCfmYmd': u'20.11.25.', u'tradTpCd': u'B1', u'directTradYn': u'N', u'spc1': 71, u'spc2': 37, u'dtlAddrYn': u'N'}
가장 최상의 매물은
정자역엠코헤리츠2단지
20.11.27.
2067298206
새로운 매물과 삭제된 매물은 5분씩 검색하며, 정보는 new_prd_list_new_2.txt에 저장 됩니다.
2020/11/30 09:40:42
기존 매물의 갯수는
27
새 데이터의 매물의 갯수는
27
새로운 매물의 id는
새로운 매물이 없습니다.
삭제된 매물의 id는
삭제된 매물이 없습니다.
가장 최상의 매물은
정자역엠코헤리츠2단지
20.11.27.
2067298206
새로운 매물과 삭제된 매물은 5분씩 검색하며, 정보는 new_prd_list_new_2.txt에 저장 됩니다.
2020/11/30 09:45:42
기존 매물의 갯수는
27
새 데이터의 매물의 갯수는
27
새로운 매물의 id는
새로운 매물이 없습니다.
삭제된 매물의 id는
삭제된 매물이 없습니다.
가장 최상의 매물은
정자역엠코헤리츠2단지
20.11.27.
2067298206
새로운 매물과 삭제된 매물은 5분씩 검색하며, 정보는 new_prd_list_new_2.txt에 저장 됩니다.
2020/11/30 09:50:43
기존 매물의 갯수는
27
새 데이터의 매물의 갯수는
27
새로운 매물의 id는
새로운 매물이 없습니다.
삭제된 매물의 id는
삭제된 매물이 없습니다.
가장 최상의 매물은
정자역엠코헤리츠2단지
20.11.27.
2067298206
새로운 매물과 삭제된 매물은 5분씩 검색하며, 정보는 new_prd_list_new_2.txt에 저장 됩니다.
2020/11/30 09:55:43
기존 매물의 갯수는
27
새 데이터의 매물의 갯수는
27
새로운 매물의 id는
새로운 매물이 없습니다.
삭제된 매물의 id는
삭제된 매물이 없습니다.
가장 최상의 매물은
정자역엠코헤리츠2단지
20.11.27.
2067298206
새로운 매물과 삭제된 매물은 5분씩 검색하며, 정보는 new_prd_list_new_2.txt에 저장 됩니다.
2020/11/30 10:00:43
기존 매물의 갯수는
27
새 데이터의 매물의 갯수는
27
새로운 매물의 id는
새로운 매물이 없습니다.
삭제된 매물의 id는
삭제된 매물이 없습니다.
가장 최상의 매물은
정자역엠코헤리츠2단지
20.11.27.
2067298206
새로운 매물과 삭제된 매물은 5분씩 검색하며, 정보는 new_prd_list_new_2.txt에 저장 됩니다.
2020/11/30 10:05:43
기존 매물의 갯수는
27
새 데이터의 매물의 갯수는
27
새로운 매물의 id는
새로운 매물이 없습니다.
삭제된 매물의 id는
삭제된 매물이 없습니다.
가장 최상의 매물은
정자역엠코헤리츠2단지
20.11.27.
2067298206
새로운 매물과 삭제된 매물은 5분씩 검색하며, 정보는 new_prd_list_new_2.txt에 저장 됩니다.
2020/11/30 10:10:43
기존 매물의 갯수는
27
새 데이터의 매물의 갯수는
27
새로운 매물의 id는
새로운 매물이 없습니다.
삭제된 매물의 id는
삭제된 매물이 없습니다.
가장 최상의 매물은
정자역엠코헤리츠2단지
20.11.27.
2067298206
새로운 매물과 삭제된 매물은 5분씩 검색하며, 정보는 new_prd_list_new_2.txt에 저장 됩니다.
2020/11/30 10:15:43
기존 매물의 갯수는
27
새 데이터의 매물의 갯수는
27
새로운 매물의 id는
새로운 매물이 없습니다.
삭제된 매물의 id는
삭제된 매물이 없습니다.
가장 최상의 매물은
정자역엠코헤리츠2단지
20.11.27.
2067298206
새로운 매물과 삭제된 매물은 5분씩 검색하며, 정보는 new_prd_list_new_2.txt에 저장 됩니다.
2020/11/30 10:20:43
기존 매물의 갯수는
27
새 데이터의 매물의 갯수는
27
새로운 매물의 id는
새로운 매물이 없습니다.
삭제된 매물의 id는
삭제된 매물이 없습니다.
가장 최상의 매물은
정자역엠코헤리츠2단지
20.11.27.
2067298206
새로운 매물과 삭제된 매물은 5분씩 검색하며, 정보는 new_prd_list_new_2.txt에 저장 됩니다.
2020/11/30 10:25:43
기존 매물의 갯수는
27
새 데이터의 매물의 갯수는
27
새로운 매물의 id는
새로운 매물이 없습니다.
삭제된 매물의 id는
삭제된 매물이 없습니다.
가장 최상의 매물은
정자역엠코헤리츠2단지
20.11.27.
2067298206
새로운 매물과 삭제된 매물은 5분씩 검색하며, 정보는 new_prd_list_new_2.txt에 저장 됩니다.
2020/11/30 10:30:43
기존 매물의 갯수는
27
새 데이터의 매물의 갯수는
27
새로운 매물의 id는
새로운 매물이 없습니다.
삭제된 매물의 id는
삭제된 매물이 없습니다.
가장 최상의 매물은
정자역엠코헤리츠2단지
20.11.27.
2067298206
새로운 매물과 삭제된 매물은 5분씩 검색하며, 정보는 new_prd_list_new_2.txt에 저장 됩니다.
2020/11/30 10:35:44
기존 매물의 갯수는
27
새 데이터의 매물의 갯수는
27
새로운 매물의 id는
새로운 매물이 없습니다.
삭제된 매물의 id는
삭제된 매물이 없습니다.
가장 최상의 매물은
정자역엠코헤리츠2단지
20.11.27.
2067298206
새로운 매물과 삭제된 매물은 5분씩 검색하며, 정보는 new_prd_list_new_2.txt에 저장 됩니다.
2020/11/30 10:40:44
기존 매물의 갯수는
27
새 데이터의 매물의 갯수는
27
새로운 매물의 id는
새로운 매물이 없습니다.
삭제된 매물의 id는
삭제된 매물이 없습니다.
가장 최상의 매물은
정자역엠코헤리츠2단지
20.11.27.
2067298206
새로운 매물과 삭제된 매물은 5분씩 검색하며, 정보는 new_prd_list_new_2.txt에 저장 됩니다.
2020/11/30 10:45:44
기존 매물의 갯수는
27
새 데이터의 매물의 갯수는
27
새로운 매물의 id는
새로운 매물이 없습니다.
삭제된 매물의 id는
삭제된 매물이 없습니다.
가장 최상의 매물은
정자역엠코헤리츠2단지
20.11.27.
2067298206
새로운 매물과 삭제된 매물은 5분씩 검색하며, 정보는 new_prd_list_new_2.txt에 저장 됩니다.
2020/11/30 10:50:44
기존 매물의 갯수는
27
새 데이터의 매물의 갯수는
27
새로운 매물의 id는
새로운 매물이 없습니다.
삭제된 매물의 id는
삭제된 매물이 없습니다.
가장 최상의 매물은
정자역엠코헤리츠2단지
20.11.27.
2067298206
새로운 매물과 삭제된 매물은 5분씩 검색하며, 정보는 new_prd_list_new_2.txt에 저장 됩니다.
2020/11/30 10:55:44
기존 매물의 갯수는
27
새 데이터의 매물의 갯수는
27
새로운 매물의 id는
새로운 매물이 없습니다.
삭제된 매물의 id는
삭제된 매물이 없습니다.
가장 최상의 매물은
정자역엠코헤리츠2단지
20.11.27.
2067298206
새로운 매물과 삭제된 매물은 5분씩 검색하며, 정보는 new_prd_list_new_2.txt에 저장 됩니다.
2020/11/30 11:00:44
기존 매물의 갯수는
27
새 데이터의 매물의 갯수는
27
새로운 매물의 id는
새로운 매물이 없습니다.
삭제된 매물의 id는
삭제된 매물이 없습니다.
가장 최상의 매물은
정자역엠코헤리츠2단지
20.11.27.
2067298206
새로운 매물과 삭제된 매물은 5분씩 검색하며, 정보는 new_prd_list_new_2.txt에 저장 됩니다.
2020/11/30 11:05:44
기존 매물의 갯수는
27
새 데이터의 매물의 갯수는
27
새로운 매물의 id는
새로운 매물이 없습니다.
삭제된 매물의 id는
삭제된 매물이 없습니다.
가장 최상의 매물은
정자역엠코헤리츠2단지
20.11.27.
2067298206
새로운 매물과 삭제된 매물은 5분씩 검색하며, 정보는 new_prd_list_new_2.txt에 저장 됩니다.
2020/11/30 11:10:44
기존 매물의 갯수는
27
새 데이터의 매물의 갯수는
27
새로운 매물의 id는
새로운 매물이 없습니다.
삭제된 매물의 id는
삭제된 매물이 없습니다.
가장 최상의 매물은
정자역엠코헤리츠2단지
20.11.27.
2067298206
새로운 매물과 삭제된 매물은 5분씩 검색하며, 정보는 new_prd_list_new_2.txt에 저장 됩니다.
2020/11/30 11:15:45
기존 매물의 갯수는
27
새 데이터의 매물의 갯수는
27
새로운 매물의 id는
새로운 매물이 없습니다.
삭제된 매물의 id는
삭제된 매물이 없습니다.
가장 최상의 매물은
정자역엠코헤리츠2단지
20.11.27.
2067298206
새로운 매물과 삭제된 매물은 5분씩 검색하며, 정보는 new_prd_list_new_2.txt에 저장 됩니다.
2020/11/30 11:20:45
기존 매물의 갯수는
27
새 데이터의 매물의 갯수는
27
새로운 매물의 id는
새로운 매물이 없습니다.
삭제된 매물의 id는
삭제된 매물이 없습니다.
가장 최상의 매물은
정자역엠코헤리츠2단지
20.11.27.
2067298206
새로운 매물과 삭제된 매물은 5분씩 검색하며, 정보는 new_prd_list_new_2.txt에 저장 됩니다.
2020/11/30 11:25:45
기존 매물의 갯수는
27
새 데이터의 매물의 갯수는
27
새로운 매물의 id는
새로운 매물이 없습니다.
삭제된 매물의 id는
삭제된 매물이 없습니다.
가장 최상의 매물은
정자역엠코헤리츠2단지
20.11.27.
2067298206
새로운 매물과 삭제된 매물은 5분씩 검색하며, 정보는 new_prd_list_new_2.txt에 저장 됩니다.
2020/11/30 11:30:45
기존 매물의 갯수는
27
새 데이터의 매물의 갯수는
27
새로운 매물의 id는
새로운 매물이 없습니다.
삭제된 매물의 id는
삭제된 매물이 없습니다.
가장 최상의 매물은
정자역엠코헤리츠2단지
20.11.27.
2067298206
새로운 매물과 삭제된 매물은 5분씩 검색하며, 정보는 new_prd_list_new_2.txt에 저장 됩니다.
2020/11/30 11:35:45
기존 매물의 갯수는
27
새 데이터의 매물의 갯수는
27
새로운 매물의 id는
새로운 매물이 없습니다.
삭제된 매물의 id는
삭제된 매물이 없습니다.
가장 최상의 매물은
정자역엠코헤리츠2단지
20.11.27.
2067298206
새로운 매물과 삭제된 매물은 5분씩 검색하며, 정보는 new_prd_list_new_2.txt에 저장 됩니다.
2020/11/30 11:40:45
기존 매물의 갯수는
27
새 데이터의 매물의 갯수는
27
새로운 매물의 id는
새로운 매물이 없습니다.
삭제된 매물의 id는
삭제된 매물이 없습니다.
가장 최상의 매물은
정자역엠코헤리츠2단지
20.11.27.
2067298206
새로운 매물과 삭제된 매물은 5분씩 검색하며, 정보는 new_prd_list_new_2.txt에 저장 됩니다.
2020/11/30 11:45:45
기존 매물의 갯수는
27
새 데이터의 매물의 갯수는
27
새로운 매물의 id는
새로운 매물이 없습니다.
삭제된 매물의 id는
삭제된 매물이 없습니다.
가장 최상의 매물은
정자역엠코헤리츠2단지
20.11.27.
2067298206
새로운 매물과 삭제된 매물은 5분씩 검색하며, 정보는 new_prd_list_new_2.txt에 저장 됩니다.
2020/11/30 11:50:45
기존 매물의 갯수는
27
새 데이터의 매물의 갯수는
27
새로운 매물의 id는
새로운 매물이 없습니다.
삭제된 매물의 id는
삭제된 매물이 없습니다.
가장 최상의 매물은
정자역엠코헤리츠2단지
20.11.27.
2067298206
새로운 매물과 삭제된 매물은 5분씩 검색하며, 정보는 new_prd_list_new_2.txt에 저장 됩니다.
2020/11/30 11:55:45
기존 매물의 갯수는
27
새 데이터의 매물의 갯수는
27
새로운 매물의 id는
새로운 매물이 없습니다.
삭제된 매물의 id는
삭제된 매물이 없습니다.
가장 최상의 매물은
정자역엠코헤리츠2단지
20.11.27.
2067298206
새로운 매물과 삭제된 매물은 5분씩 검색하며, 정보는 new_prd_list_new_2.txt에 저장 됩니다.
2020/11/30 12:00:46
기존 매물의 갯수는
27
새 데이터의 매물의 갯수는
27
새로운 매물의 id는
새로운 매물이 없습니다.
삭제된 매물의 id는
삭제된 매물이 없습니다.
가장 최상의 매물은
정자역엠코헤리츠2단지
20.11.27.
2067298206
새로운 매물과 삭제된 매물은 5분씩 검색하며, 정보는 new_prd_list_new_2.txt에 저장 됩니다.
2020/11/30 12:05:46
기존 매물의 갯수는
27
새 데이터의 매물의 갯수는
27
새로운 매물의 id는
새로운 매물이 없습니다.
삭제된 매물의 id는
삭제된 매물이 없습니다.
가장 최상의 매물은
정자역엠코헤리츠2단지
20.11.27.
2067298206
새로운 매물과 삭제된 매물은 5분씩 검색하며, 정보는 new_prd_list_new_2.txt에 저장 됩니다.
2020/11/30 12:10:46
기존 매물의 갯수는
27
새 데이터의 매물의 갯수는
27
새로운 매물의 id는
새로운 매물이 없습니다.
삭제된 매물의 id는
삭제된 매물이 없습니다.
가장 최상의 매물은
정자역엠코헤리츠2단지
20.11.27.
2067298206
새로운 매물과 삭제된 매물은 5분씩 검색하며, 정보는 new_prd_list_new_2.txt에 저장 됩니다.
2020/11/30 12:15:46
기존 매물의 갯수는
27
새 데이터의 매물의 갯수는
27
새로운 매물의 id는
새로운 매물이 없습니다.
삭제된 매물의 id는
삭제된 매물이 없습니다.
가장 최상의 매물은
정자역엠코헤리츠2단지
20.11.27.
2067298206
새로운 매물과 삭제된 매물은 5분씩 검색하며, 정보는 new_prd_list_new_2.txt에 저장 됩니다.
2020/11/30 12:20:46
기존 매물의 갯수는
27
새 데이터의 매물의 갯수는
27
새로운 매물의 id는
새로운 매물이 없습니다.
삭제된 매물의 id는
삭제된 매물이 없습니다.
가장 최상의 매물은
정자역엠코헤리츠2단지
20.11.27.
2067298206
새로운 매물과 삭제된 매물은 5분씩 검색하며, 정보는 new_prd_list_new_2.txt에 저장 됩니다.
2020/11/30 12:25:46
기존 매물의 갯수는
27
새 데이터의 매물의 갯수는
27
새로운 매물의 id는
새로운 매물이 없습니다.
삭제된 매물의 id는
삭제된 매물이 없습니다.
가장 최상의 매물은
정자역엠코헤리츠2단지
20.11.27.
2067298206
새로운 매물과 삭제된 매물은 5분씩 검색하며, 정보는 new_prd_list_new_2.txt에 저장 됩니다.
2020/11/30 12:30:46
기존 매물의 갯수는
27
새 데이터의 매물의 갯수는
27
새로운 매물의 id는
새로운 매물이 없습니다.
삭제된 매물의 id는
삭제된 매물이 없습니다.
가장 최상의 매물은
정자역엠코헤리츠2단지
20.11.27.
2067298206
새로운 매물과 삭제된 매물은 5분씩 검색하며, 정보는 new_prd_list_new_2.txt에 저장 됩니다.
2020/11/30 12:35:46
기존 매물의 갯수는
27
새 데이터의 매물의 갯수는
27
새로운 매물의 id는
새로운 매물이 없습니다.
삭제된 매물의 id는
삭제된 매물이 없습니다.
가장 최상의 매물은
정자역엠코헤리츠2단지
20.11.27.
2067298206
새로운 매물과 삭제된 매물은 5분씩 검색하며, 정보는 new_prd_list_new_2.txt에 저장 됩니다.
2020/11/30 12:40:47
기존 매물의 갯수는
27
새 데이터의 매물의 갯수는
27
새로운 매물의 id는
새로운 매물이 없습니다.
삭제된 매물의 id는
삭제된 매물이 없습니다.
가장 최상의 매물은
정자역엠코헤리츠2단지
20.11.27.
2067298206
새로운 매물과 삭제된 매물은 5분씩 검색하며, 정보는 new_prd_list_new_2.txt에 저장 됩니다.
2020/11/30 12:45:47
기존 매물의 갯수는
27
새 데이터의 매물의 갯수는
27
새로운 매물의 id는
새로운 매물이 없습니다.
삭제된 매물의 id는
삭제된 매물이 없습니다.
가장 최상의 매물은
정자역엠코헤리츠2단지
20.11.27.
2067298206
새로운 매물과 삭제된 매물은 5분씩 검색하며, 정보는 new_prd_list_new_2.txt에 저장 됩니다.
2020/11/30 12:50:47
기존 매물의 갯수는
27
새 데이터의 매물의 갯수는
27
새로운 매물의 id는
새로운 매물이 없습니다.
삭제된 매물의 id는
삭제된 매물이 없습니다.
가장 최상의 매물은
정자역엠코헤리츠2단지
20.11.27.
2067298206
새로운 매물과 삭제된 매물은 5분씩 검색하며, 정보는 new_prd_list_new_2.txt에 저장 됩니다.
2020/11/30 12:55:47
기존 매물의 갯수는
27
새 데이터의 매물의 갯수는
27
새로운 매물의 id는
새로운 매물이 없습니다.
삭제된 매물의 id는
삭제된 매물이 없습니다.
가장 최상의 매물은
정자역엠코헤리츠2단지
20.11.27.
2067298206
새로운 매물과 삭제된 매물은 5분씩 검색하며, 정보는 new_prd_list_new_2.txt에 저장 됩니다.
2020/11/30 13:00:47
기존 매물의 갯수는
27
새 데이터의 매물의 갯수는
27
새로운 매물의 id는
새로운 매물이 없습니다.
삭제된 매물의 id는
삭제된 매물이 없습니다.
가장 최상의 매물은
정자역엠코헤리츠2단지
20.11.27.
2067298206
새로운 매물과 삭제된 매물은 5분씩 검색하며, 정보는 new_prd_list_new_2.txt에 저장 됩니다.
2020/11/30 13:05:47
기존 매물의 갯수는
27
새 데이터의 매물의 갯수는
27
새로운 매물의 id는
새로운 매물이 없습니다.
삭제된 매물의 id는
삭제된 매물이 없습니다.
가장 최상의 매물은
정자역엠코헤리츠2단지
20.11.27.
2067298206
새로운 매물과 삭제된 매물은 5분씩 검색하며, 정보는 new_prd_list_new_2.txt에 저장 됩니다.
2020/11/30 13:10:47
기존 매물의 갯수는
27
새 데이터의 매물의 갯수는
27
새로운 매물의 id는
새로운 매물이 없습니다.
삭제된 매물의 id는
삭제된 매물이 없습니다.
가장 최상의 매물은
정자역엠코헤리츠2단지
20.11.27.
2067298206
새로운 매물과 삭제된 매물은 5분씩 검색하며, 정보는 new_prd_list_new_2.txt에 저장 됩니다.
2020/11/30 13:15:47
기존 매물의 갯수는
27
새 데이터의 매물의 갯수는
27
새로운 매물의 id는
새로운 매물이 없습니다.
삭제된 매물의 id는
삭제된 매물이 없습니다.
가장 최상의 매물은
정자역엠코헤리츠2단지
20.11.27.
2067298206
새로운 매물과 삭제된 매물은 5분씩 검색하며, 정보는 new_prd_list_new_2.txt에 저장 됩니다.
2020/11/30 13:20:48
기존 매물의 갯수는
27
새 데이터의 매물의 갯수는
27
새로운 매물의 id는
새로운 매물이 없습니다.
삭제된 매물의 id는
삭제된 매물이 없습니다.
가장 최상의 매물은
정자역엠코헤리츠2단지
20.11.27.
2067298206
새로운 매물과 삭제된 매물은 5분씩 검색하며, 정보는 new_prd_list_new_2.txt에 저장 됩니다.
2020/11/30 13:25:48
기존 매물의 갯수는
27
새 데이터의 매물의 갯수는
27
새로운 매물의 id는
새로운 매물이 없습니다.
삭제된 매물의 id는
삭제된 매물이 없습니다.
가장 최상의 매물은
정자역엠코헤리츠2단지
20.11.27.
2067298206
새로운 매물과 삭제된 매물은 5분씩 검색하며, 정보는 new_prd_list_new_2.txt에 저장 됩니다.
2020/11/30 13:30:48
기존 매물의 갯수는
27
새 데이터의 매물의 갯수는
27
새로운 매물의 id는
새로운 매물이 없습니다.
삭제된 매물의 id는
삭제된 매물이 없습니다.
가장 최상의 매물은
정자역엠코헤리츠2단지
20.11.27.
2067298206
새로운 매물과 삭제된 매물은 5분씩 검색하며, 정보는 new_prd_list_new_2.txt에 저장 됩니다.
2020/11/30 13:35:48
기존 매물의 갯수는
27
새 데이터의 매물의 갯수는
27
새로운 매물의 id는
새로운 매물이 없습니다.
삭제된 매물의 id는
삭제된 매물이 없습니다.
가장 최상의 매물은
정자역엠코헤리츠2단지
20.11.27.
2067298206
새로운 매물과 삭제된 매물은 5분씩 검색하며, 정보는 new_prd_list_new_2.txt에 저장 됩니다.
2020/11/30 13:40:48
기존 매물의 갯수는
27
새 데이터의 매물의 갯수는
27
새로운 매물의 id는
새로운 매물이 없습니다.
삭제된 매물의 id는
삭제된 매물이 없습니다.
가장 최상의 매물은
정자역엠코헤리츠2단지
20.11.27.
2067298206
새로운 매물과 삭제된 매물은 5분씩 검색하며, 정보는 new_prd_list_new_2.txt에 저장 됩니다.
2020/11/30 13:45:48
기존 매물의 갯수는
27
새 데이터의 매물의 갯수는
27
새로운 매물의 id는
새로운 매물이 없습니다.
삭제된 매물의 id는
삭제된 매물이 없습니다.
가장 최상의 매물은
정자역엠코헤리츠2단지
20.11.27.
2067298206
새로운 매물과 삭제된 매물은 5분씩 검색하며, 정보는 new_prd_list_new_2.txt에 저장 됩니다.
2020/11/30 13:50:48
기존 매물의 갯수는
26
새 데이터의 매물의 갯수는
27
새로운 매물의 id는
새로운 매물이 없습니다.
삭제된 매물의 id는
{u'tradTpNm': u'\uc804\uc138', u'prc': 62000, u'point': 460, u'cpLinkVO': {u'mobileBmsInspectPassYn': u'Y', u'pcArticleLinkUseAtArticleTitle': False, u'cpId': u'bizmk', u'mobileArticleLinkTypeCode': u'NONE', u'mobileArticleLinkUseAtArticleTitle': False, u'mobileArticleLinkUseAtCpName': False, u'pcArticleLinkUseAtCpName': False}, u'minMviFee': 0, u'vrfcTpCd': u'DOC', u'dtlAddr': u'', u'tradeRentPrice': 0, u'atclNo': u'2066345208', u'atclNm': u'\ubd84\ub2f9\ub450\uc0b0\uc704\ube0c\ud30c\ube4c\ub9ac\uc628', u'tradeCheckedByOwner': False, u'lng': 127.107394, u'rletTpCd': u'A02', u'bildNm': u'A\ub3d9', u'uprRletTpCd': u'A02', u'etRoomCnt': 0, u'maxMviFee': 0, u'rletTpNm': u'\uc624\ud53c\uc2a4\ud154', u'rentPrc': 0, u'tradePriceHan': u'', u'atclFetrDesc': u'42 \uc804\ub9dd\ub098\uc634 \ub0a8\ud5a5 \uc804\uc785\uc870\uac74 \ubc292\uac1c \uadc0\ud55c\uc804\uc138', u'direction': u'\ub0a8\ud5a5', u'sameAddrCnt': 1, u'cortarNo': u'4113510300', u'rltrNm': u'\uc0b0\uc57c\uacf5\uc778\uc911\uac1c\uc0ac\uc0ac\ubb34\uc18c', u'cpid': u'bizmk', u'hanPrc': u'6\uc5b5 2,000', u'cpCnt': 1, u'sameAddrDirectCnt': 0, u'atclStatCd': u'R0', u'lat': 37.371368, u'flrInfo': u'\uc800/33', u'minute': 0, u'tagList': [u'25\ub144\uc774\ub0b4', u'\uc735\uc790\uae08\uc5c6\ub294', u'\uc5ed\uc138\uad8c', u'\ub300\ub2e8\uc9c0'], u'cpNm': u'\ub9e4\uacbd\ubd80\ub3d9\uc0b0', u'atclCfmYmd': u'20.11.17.', u'tradTpCd': u'B1', u'directTradYn': u'N', u'spc1': 138, u'spc2': 70, u'dtlAddrYn': u'N'}
가장 최상의 매물은
정자역엠코헤리츠2단지
20.11.27.
2067298206
새로운 매물과 삭제된 매물은 5분씩 검색하며, 정보는 new_prd_list_new_2.txt에 저장 됩니다.
2020/11/30 13:55:48
기존 매물의 갯수는
26
새 데이터의 매물의 갯수는
26
새로운 매물의 id는
새로운 매물이 없습니다.
삭제된 매물의 id는
삭제된 매물이 없습니다.
가장 최상의 매물은
정자역엠코헤리츠2단지
20.11.27.
2067298206
새로운 매물과 삭제된 매물은 5분씩 검색하며, 정보는 new_prd_list_new_2.txt에 저장 됩니다.
2020/11/30 14:00:49
기존 매물의 갯수는
26
새 데이터의 매물의 갯수는
26
새로운 매물의 id는
새로운 매물이 없습니다.
삭제된 매물의 id는
삭제된 매물이 없습니다.
가장 최상의 매물은
정자역엠코헤리츠2단지
20.11.27.
2067298206
새로운 매물과 삭제된 매물은 5분씩 검색하며, 정보는 new_prd_list_new_2.txt에 저장 됩니다.
2020/11/30 14:05:49
기존 매물의 갯수는
27
새 데이터의 매물의 갯수는
26
새로운 매물의 id는
{u'tradTpNm': u'\uc804\uc138', u'prc': 62000, u'point': 720, u'cpLinkVO': {u'mobileBmsInspectPassYn': u'Y', u'pcArticleLinkUseAtArticleTitle': False, u'cpId': u'bizmk', u'mobileArticleLinkTypeCode': u'NONE', u'mobileArticleLinkUseAtArticleTitle': False, u'mobileArticleLinkUseAtCpName': False, u'pcArticleLinkUseAtCpName': False}, u'minMviFee': 0, u'vrfcTpCd': u'DOC', u'dtlAddr': u'', u'tradeRentPrice': 0, u'atclNo': u'2067447789', u'atclNm': u'\ubd84\ub2f9\ub450\uc0b0\uc704\ube0c\ud30c\ube4c\ub9ac\uc628', u'tradeCheckedByOwner': False, u'lng': 127.107394, u'rletTpCd': u'A02', u'bildNm': u'A\ub3d9', u'uprRletTpCd': u'A02', u'etRoomCnt': 0, u'maxMviFee': 0, u'rletTpNm': u'\uc624\ud53c\uc2a4\ud154', u'rentPrc': 0, u'tradePriceHan': u'', u'atclFetrDesc': u'42. \uc815\ub0a8\ud5a5\uc5d0 \uc804\ub9dd\uc88b\uace0 \uae68\ub057\ud558\uace0 \uadc0\ud55c\uc804\uc138 ', u'direction': u'\ub0a8\ud5a5', u'sameAddrCnt': 1, u'cortarNo': u'4113510300', u'rltrNm': u'\uc0b0\uc57c\uacf5\uc778\uc911\uac1c\uc0ac\uc0ac\ubb34\uc18c', u'cpid': u'bizmk', u'hanPrc': u'6\uc5b5 2,000', u'cpCnt': 1, u'sameAddrDirectCnt': 0, u'atclStatCd': u'R0', u'lat': 37.371368, u'flrInfo': u'\uc800/33', u'minute': 0, u'tagList': [u'25\ub144\uc774\ub0b4', u'\uc735\uc790\uae08\uc5c6\ub294', u'\ub300\ub2e8\uc9c0', u'\uc5ed\uc138\uad8c'], u'cpNm': u'\ub9e4\uacbd\ubd80\ub3d9\uc0b0', u'atclCfmYmd': u'20.11.30.', u'tradTpCd': u'B1', u'directTradYn': u'N', u'spc1': 138, u'spc2': 70, u'dtlAddrYn': u'N'}
삭제된 매물의 id는
삭제된 매물이 없습니다.
가장 최상의 매물은
분당두산위브파빌리온
20.11.30.
2067447789
새로운 매물과 삭제된 매물은 5분씩 검색하며, 정보는 new_prd_list_new_2.txt에 저장 됩니다.
2020/11/30 14:10:49
기존 매물의 갯수는
27
새 데이터의 매물의 갯수는
27
새로운 매물의 id는
새로운 매물이 없습니다.
삭제된 매물의 id는
삭제된 매물이 없습니다.
가장 최상의 매물은
분당두산위브파빌리온
20.11.30.
2067447789
새로운 매물과 삭제된 매물은 5분씩 검색하며, 정보는 new_prd_list_new_2.txt에 저장 됩니다.
2020/11/30 14:15:49
기존 매물의 갯수는
27
새 데이터의 매물의 갯수는
27
새로운 매물의 id는
새로운 매물이 없습니다.
삭제된 매물의 id는
삭제된 매물이 없습니다.
가장 최상의 매물은
분당두산위브파빌리온
20.11.30.
2067447789
새로운 매물과 삭제된 매물은 5분씩 검색하며, 정보는 new_prd_list_new_2.txt에 저장 됩니다.
2020/11/30 14:20:49
기존 매물의 갯수는
27
새 데이터의 매물의 갯수는
27
새로운 매물의 id는
새로운 매물이 없습니다.
삭제된 매물의 id는
삭제된 매물이 없습니다.
가장 최상의 매물은
분당두산위브파빌리온
20.11.30.
2067447789
새로운 매물과 삭제된 매물은 5분씩 검색하며, 정보는 new_prd_list_new_2.txt에 저장 됩니다.
2020/11/30 14:25:49
기존 매물의 갯수는
27
새 데이터의 매물의 갯수는
27
새로운 매물의 id는
새로운 매물이 없습니다.
삭제된 매물의 id는
삭제된 매물이 없습니다.
가장 최상의 매물은
분당두산위브파빌리온
20.11.30.
2067447789
새로운 매물과 삭제된 매물은 5분씩 검색하며, 정보는 new_prd_list_new_2.txt에 저장 됩니다.
2020/11/30 14:30:49
기존 매물의 갯수는
27
새 데이터의 매물의 갯수는
27
새로운 매물의 id는
새로운 매물이 없습니다.
삭제된 매물의 id는
삭제된 매물이 없습니다.
가장 최상의 매물은
분당두산위브파빌리온
20.11.30.
2067447789
새로운 매물과 삭제된 매물은 5분씩 검색하며, 정보는 new_prd_list_new_2.txt에 저장 됩니다.
2020/11/30 14:35:49
기존 매물의 갯수는
27
새 데이터의 매물의 갯수는
27
새로운 매물의 id는
새로운 매물이 없습니다.
삭제된 매물의 id는
삭제된 매물이 없습니다.
가장 최상의 매물은
분당두산위브파빌리온
20.11.30.
2067447789
새로운 매물과 삭제된 매물은 5분씩 검색하며, 정보는 new_prd_list_new_2.txt에 저장 됩니다.
2020/11/30 14:40:49
기존 매물의 갯수는
27
새 데이터의 매물의 갯수는
27
새로운 매물의 id는
새로운 매물이 없습니다.
삭제된 매물의 id는
삭제된 매물이 없습니다.
가장 최상의 매물은
분당두산위브파빌리온
20.11.30.
2067447789
새로운 매물과 삭제된 매물은 5분씩 검색하며, 정보는 new_prd_list_new_2.txt에 저장 됩니다.
2020/11/30 14:45:50
기존 매물의 갯수는
27
새 데이터의 매물의 갯수는
27
새로운 매물의 id는
새로운 매물이 없습니다.
삭제된 매물의 id는
삭제된 매물이 없습니다.
가장 최상의 매물은
분당두산위브파빌리온
20.11.30.
2067447789
새로운 매물과 삭제된 매물은 5분씩 검색하며, 정보는 new_prd_list_new_2.txt에 저장 됩니다.
2020/11/30 14:50:50
기존 매물의 갯수는
27
새 데이터의 매물의 갯수는
27
새로운 매물의 id는
새로운 매물이 없습니다.
삭제된 매물의 id는
삭제된 매물이 없습니다.
가장 최상의 매물은
분당두산위브파빌리온
20.11.30.
2067447789
새로운 매물과 삭제된 매물은 5분씩 검색하며, 정보는 new_prd_list_new_2.txt에 저장 됩니다.
2020/11/30 14:55:50
기존 매물의 갯수는
27
새 데이터의 매물의 갯수는
27
새로운 매물의 id는
새로운 매물이 없습니다.
삭제된 매물의 id는
삭제된 매물이 없습니다.
가장 최상의 매물은
분당두산위브파빌리온
20.11.30.
2067447789
새로운 매물과 삭제된 매물은 5분씩 검색하며, 정보는 new_prd_list_new_2.txt에 저장 됩니다.
2020/11/30 15:00:50
기존 매물의 갯수는
27
새 데이터의 매물의 갯수는
27
새로운 매물의 id는
새로운 매물이 없습니다.
삭제된 매물의 id는
삭제된 매물이 없습니다.
가장 최상의 매물은
분당두산위브파빌리온
20.11.30.
2067447789
새로운 매물과 삭제된 매물은 5분씩 검색하며, 정보는 new_prd_list_new_2.txt에 저장 됩니다.
2020/11/30 15:05:50
기존 매물의 갯수는
27
새 데이터의 매물의 갯수는
27
새로운 매물의 id는
새로운 매물이 없습니다.
삭제된 매물의 id는
삭제된 매물이 없습니다.
가장 최상의 매물은
분당두산위브파빌리온
20.11.30.
2067447789
새로운 매물과 삭제된 매물은 5분씩 검색하며, 정보는 new_prd_list_new_2.txt에 저장 됩니다.
2020/11/30 15:10:50
기존 매물의 갯수는
27
새 데이터의 매물의 갯수는
27
새로운 매물의 id는
새로운 매물이 없습니다.
삭제된 매물의 id는
삭제된 매물이 없습니다.
가장 최상의 매물은
분당두산위브파빌리온
20.11.30.
2067447789
새로운 매물과 삭제된 매물은 5분씩 검색하며, 정보는 new_prd_list_new_2.txt에 저장 됩니다.
2020/11/30 15:15:50
기존 매물의 갯수는
27
새 데이터의 매물의 갯수는
27
새로운 매물의 id는
새로운 매물이 없습니다.
삭제된 매물의 id는
삭제된 매물이 없습니다.
가장 최상의 매물은
분당두산위브파빌리온
20.11.30.
2067447789
새로운 매물과 삭제된 매물은 5분씩 검색하며, 정보는 new_prd_list_new_2.txt에 저장 됩니다.
2020/11/30 15:20:50
기존 매물의 갯수는
27
새 데이터의 매물의 갯수는
27
새로운 매물의 id는
새로운 매물이 없습니다.
삭제된 매물의 id는
삭제된 매물이 없습니다.
가장 최상의 매물은
분당두산위브파빌리온
20.11.30.
2067447789
새로운 매물과 삭제된 매물은 5분씩 검색하며, 정보는 new_prd_list_new_2.txt에 저장 됩니다.
2020/11/30 15:25:51
기존 매물의 갯수는
27
새 데이터의 매물의 갯수는
27
새로운 매물의 id는
새로운 매물이 없습니다.
삭제된 매물의 id는
삭제된 매물이 없습니다.
가장 최상의 매물은
분당두산위브파빌리온
20.11.30.
2067447789
새로운 매물과 삭제된 매물은 5분씩 검색하며, 정보는 new_prd_list_new_2.txt에 저장 됩니다.
2020/11/30 15:30:51
기존 매물의 갯수는
27
새 데이터의 매물의 갯수는
27
새로운 매물의 id는
새로운 매물이 없습니다.
삭제된 매물의 id는
삭제된 매물이 없습니다.
가장 최상의 매물은
분당두산위브파빌리온
20.11.30.
2067447789
새로운 매물과 삭제된 매물은 5분씩 검색하며, 정보는 new_prd_list_new_2.txt에 저장 됩니다.
2020/11/30 15:35:51
기존 매물의 갯수는
27
새 데이터의 매물의 갯수는
27
새로운 매물의 id는
새로운 매물이 없습니다.
삭제된 매물의 id는
삭제된 매물이 없습니다.
가장 최상의 매물은
분당두산위브파빌리온
20.11.30.
2067447789
새로운 매물과 삭제된 매물은 5분씩 검색하며, 정보는 new_prd_list_new_2.txt에 저장 됩니다.
2020/11/30 15:40:51
기존 매물의 갯수는
27
새 데이터의 매물의 갯수는
27
새로운 매물의 id는
새로운 매물이 없습니다.
삭제된 매물의 id는
삭제된 매물이 없습니다.
가장 최상의 매물은
분당두산위브파빌리온
20.11.30.
2067447789
새로운 매물과 삭제된 매물은 5분씩 검색하며, 정보는 new_prd_list_new_2.txt에 저장 됩니다.
2020/11/30 15:45:51
기존 매물의 갯수는
27
새 데이터의 매물의 갯수는
27
새로운 매물의 id는
새로운 매물이 없습니다.
삭제된 매물의 id는
삭제된 매물이 없습니다.
가장 최상의 매물은
분당두산위브파빌리온
20.11.30.
2067447789
새로운 매물과 삭제된 매물은 5분씩 검색하며, 정보는 new_prd_list_new_2.txt에 저장 됩니다.
2020/11/30 15:50:51
기존 매물의 갯수는
27
새 데이터의 매물의 갯수는
27
새로운 매물의 id는
새로운 매물이 없습니다.
삭제된 매물의 id는
삭제된 매물이 없습니다.
가장 최상의 매물은
분당두산위브파빌리온
20.11.30.
2067447789
새로운 매물과 삭제된 매물은 5분씩 검색하며, 정보는 new_prd_list_new_2.txt에 저장 됩니다.
2020/11/30 15:55:51
기존 매물의 갯수는
27
새 데이터의 매물의 갯수는
27
새로운 매물의 id는
새로운 매물이 없습니다.
삭제된 매물의 id는
삭제된 매물이 없습니다.
가장 최상의 매물은
분당두산위브파빌리온
20.11.30.
2067447789
새로운 매물과 삭제된 매물은 5분씩 검색하며, 정보는 new_prd_list_new_2.txt에 저장 됩니다.
2020/11/30 16:00:51
기존 매물의 갯수는
26
새 데이터의 매물의 갯수는
27
새로운 매물의 id는
새로운 매물이 없습니다.
삭제된 매물의 id는
{u'tradTpNm': u'\uc804\uc138', u'prc': 22000, u'point': 640, u'cpLinkVO': {u'mobileBmsInspectPassYn': u'Y', u'pcArticleLinkUseAtArticleTitle': False, u'cpId': u'NEONET', u'mobileArticleLinkTypeCode': u'NONE', u'mobileArticleLinkUseAtArticleTitle': False, u'mobileArticleLinkUseAtCpName': False, u'pcArticleLinkUseAtCpName': False}, u'minMviFee': 0, u'vrfcTpCd': u'DOC', u'dtlAddr': u'', u'tradeRentPrice': 0, u'atclNo': u'2067176245', u'atclNm': u'\ubd84\ub2f9\uc778\ud154\ub9ac\uc9c02', u'tradeCheckedByOwner': False, u'lng': 127.105377, u'rletTpCd': u'A02', u'bildNm': u'B\ub3d9', u'uprRletTpCd': u'A02', u'etRoomCnt': 0, u'maxMviFee': 0, u'rletTpNm': u'\uc624\ud53c\uc2a4\ud154', u'rentPrc': 0, u'tradePriceHan': u'', u'atclFetrDesc': u'21\ud0c0\uc785,\uadc0\ud55c\uc804\uc138,\uc804\uc138\uc790\uae08\ub300\ucd9c\uac00\ub2a5,129\ud655\uc815', u'direction': u'\ub0a8\ub3d9\ud5a5', u'sameAddrCnt': 1, u'cortarNo': u'4113510300', u'rltrNm': u'\uc778\ud154\ub9ac\uc9c02\uacf5\uc778\uc911\uac1c\uc0ac\uc0ac\ubb34\uc18c', u'cpid': u'NEONET', u'hanPrc': u'2\uc5b5 2,000', u'cpCnt': 1, u'sameAddrDirectCnt': 0, u'atclStatCd': u'R0', u'lat': 37.366315, u'flrInfo': u'\uc911/34', u'minute': 0, u'tagList': [u'25\ub144\uc774\ub0b4', u'\uc735\uc790\uae08\uc5c6\ub294', u'\uc5ed\uc138\uad8c', u'\ub300\ub2e8\uc9c0'], u'cpNm': u'\ubd80\ub3d9\uc0b0\ubc45\ud06c', u'atclCfmYmd': u'20.11.26.', u'tradTpCd': u'B1', u'directTradYn': u'N', u'spc1': 71, u'spc2': 38, u'dtlAddrYn': u'N'}
가장 최상의 매물은
분당두산위브파빌리온
20.11.30.
2067447789
새로운 매물과 삭제된 매물은 5분씩 검색하며, 정보는 new_prd_list_new_2.txt에 저장 됩니다.
2020/11/30 16:05:51
기존 매물의 갯수는
26
새 데이터의 매물의 갯수는
26
새로운 매물의 id는
새로운 매물이 없습니다.
삭제된 매물의 id는
삭제된 매물이 없습니다.
가장 최상의 매물은
분당두산위브파빌리온
20.11.30.
2067447789
새로운 매물과 삭제된 매물은 5분씩 검색하며, 정보는 new_prd_list_new_2.txt에 저장 됩니다.
2020/11/30 16:10:52
기존 매물의 갯수는
26
새 데이터의 매물의 갯수는
26
새로운 매물의 id는
새로운 매물이 없습니다.
삭제된 매물의 id는
삭제된 매물이 없습니다.
가장 최상의 매물은
분당두산위브파빌리온
20.11.30.
2067447789
새로운 매물과 삭제된 매물은 5분씩 검색하며, 정보는 new_prd_list_new_2.txt에 저장 됩니다.
2020/11/30 16:15:52
기존 매물의 갯수는
26
새 데이터의 매물의 갯수는
26
새로운 매물의 id는
새로운 매물이 없습니다.
삭제된 매물의 id는
삭제된 매물이 없습니다.
가장 최상의 매물은
분당두산위브파빌리온
20.11.30.
2067447789
새로운 매물과 삭제된 매물은 5분씩 검색하며, 정보는 new_prd_list_new_2.txt에 저장 됩니다.
2020/11/30 16:20:52
기존 매물의 갯수는
26
새 데이터의 매물의 갯수는
26
새로운 매물의 id는
새로운 매물이 없습니다.
삭제된 매물의 id는
삭제된 매물이 없습니다.
가장 최상의 매물은
분당두산위브파빌리온
20.11.30.
2067447789
새로운 매물과 삭제된 매물은 5분씩 검색하며, 정보는 new_prd_list_new_2.txt에 저장 됩니다.
2020/11/30 16:25:52
기존 매물의 갯수는
26
새 데이터의 매물의 갯수는
26
새로운 매물의 id는
새로운 매물이 없습니다.
삭제된 매물의 id는
삭제된 매물이 없습니다.
가장 최상의 매물은
분당두산위브파빌리온
20.11.30.
2067447789
새로운 매물과 삭제된 매물은 5분씩 검색하며, 정보는 new_prd_list_new_2.txt에 저장 됩니다.
2020/11/30 16:30:52
기존 매물의 갯수는
26
새 데이터의 매물의 갯수는
26
새로운 매물의 id는
새로운 매물이 없습니다.
삭제된 매물의 id는
삭제된 매물이 없습니다.
가장 최상의 매물은
분당두산위브파빌리온
20.11.30.
2067447789
새로운 매물과 삭제된 매물은 5분씩 검색하며, 정보는 new_prd_list_new_2.txt에 저장 됩니다.
2020/11/30 16:35:52
기존 매물의 갯수는
26
새 데이터의 매물의 갯수는
26
새로운 매물의 id는
새로운 매물이 없습니다.
삭제된 매물의 id는
삭제된 매물이 없습니다.
가장 최상의 매물은
분당두산위브파빌리온
20.11.30.
2067447789
새로운 매물과 삭제된 매물은 5분씩 검색하며, 정보는 new_prd_list_new_2.txt에 저장 됩니다.
2020/11/30 16:40:52
기존 매물의 갯수는
26
새 데이터의 매물의 갯수는
26
새로운 매물의 id는
새로운 매물이 없습니다.
삭제된 매물의 id는
삭제된 매물이 없습니다.
가장 최상의 매물은
분당두산위브파빌리온
20.11.30.
2067447789
새로운 매물과 삭제된 매물은 5분씩 검색하며, 정보는 new_prd_list_new_2.txt에 저장 됩니다.
2020/11/30 16:45:52
기존 매물의 갯수는
26
새 데이터의 매물의 갯수는
26
새로운 매물의 id는
새로운 매물이 없습니다.
삭제된 매물의 id는
삭제된 매물이 없습니다.
가장 최상의 매물은
분당두산위브파빌리온
20.11.30.
2067447789
새로운 매물과 삭제된 매물은 5분씩 검색하며, 정보는 new_prd_list_new_2.txt에 저장 됩니다.
2020/11/30 16:50:53
기존 매물의 갯수는
26
새 데이터의 매물의 갯수는
26
새로운 매물의 id는
새로운 매물이 없습니다.
삭제된 매물의 id는
삭제된 매물이 없습니다.
가장 최상의 매물은
분당두산위브파빌리온
20.11.30.
2067447789
새로운 매물과 삭제된 매물은 5분씩 검색하며, 정보는 new_prd_list_new_2.txt에 저장 됩니다.
2020/11/30 16:55:53
기존 매물의 갯수는
26
새 데이터의 매물의 갯수는
26
새로운 매물의 id는
새로운 매물이 없습니다.
삭제된 매물의 id는
삭제된 매물이 없습니다.
가장 최상의 매물은
분당두산위브파빌리온
20.11.30.
2067447789
새로운 매물과 삭제된 매물은 5분씩 검색하며, 정보는 new_prd_list_new_2.txt에 저장 됩니다.
2020/11/30 17:00:53
기존 매물의 갯수는
26
새 데이터의 매물의 갯수는
26
새로운 매물의 id는
새로운 매물이 없습니다.
삭제된 매물의 id는
삭제된 매물이 없습니다.
가장 최상의 매물은
분당두산위브파빌리온
20.11.30.
2067447789
새로운 매물과 삭제된 매물은 5분씩 검색하며, 정보는 new_prd_list_new_2.txt에 저장 됩니다.
2020/11/30 17:05:53
기존 매물의 갯수는
26
새 데이터의 매물의 갯수는
26
새로운 매물의 id는
새로운 매물이 없습니다.
삭제된 매물의 id는
삭제된 매물이 없습니다.
가장 최상의 매물은
분당두산위브파빌리온
20.11.30.
2067447789
새로운 매물과 삭제된 매물은 5분씩 검색하며, 정보는 new_prd_list_new_2.txt에 저장 됩니다.
2020/11/30 17:10:53
기존 매물의 갯수는
26
새 데이터의 매물의 갯수는
26
새로운 매물의 id는
새로운 매물이 없습니다.
삭제된 매물의 id는
삭제된 매물이 없습니다.
가장 최상의 매물은
분당두산위브파빌리온
20.11.30.
2067447789
새로운 매물과 삭제된 매물은 5분씩 검색하며, 정보는 new_prd_list_new_2.txt에 저장 됩니다.
2020/11/30 17:15:53
기존 매물의 갯수는
26
새 데이터의 매물의 갯수는
26
새로운 매물의 id는
새로운 매물이 없습니다.
삭제된 매물의 id는
삭제된 매물이 없습니다.
가장 최상의 매물은
분당두산위브파빌리온
20.11.30.
2067447789
새로운 매물과 삭제된 매물은 5분씩 검색하며, 정보는 new_prd_list_new_2.txt에 저장 됩니다.
2020/11/30 17:20:53
기존 매물의 갯수는
26
새 데이터의 매물의 갯수는
26
새로운 매물의 id는
새로운 매물이 없습니다.
삭제된 매물의 id는
삭제된 매물이 없습니다.
가장 최상의 매물은
분당두산위브파빌리온
20.11.30.
2067447789
새로운 매물과 삭제된 매물은 5분씩 검색하며, 정보는 new_prd_list_new_2.txt에 저장 됩니다.
2020/11/30 17:25:53
기존 매물의 갯수는
26
새 데이터의 매물의 갯수는
26
새로운 매물의 id는
새로운 매물이 없습니다.
삭제된 매물의 id는
삭제된 매물이 없습니다.
가장 최상의 매물은
분당두산위브파빌리온
20.11.30.
2067447789
새로운 매물과 삭제된 매물은 5분씩 검색하며, 정보는 new_prd_list_new_2.txt에 저장 됩니다.
2020/11/30 17:30:53
기존 매물의 갯수는
26
새 데이터의 매물의 갯수는
26
새로운 매물의 id는
새로운 매물이 없습니다.
삭제된 매물의 id는
삭제된 매물이 없습니다.
가장 최상의 매물은
분당두산위브파빌리온
20.11.30.
2067447789
새로운 매물과 삭제된 매물은 5분씩 검색하며, 정보는 new_prd_list_new_2.txt에 저장 됩니다.
2020/11/30 17:35:54
기존 매물의 갯수는
27
새 데이터의 매물의 갯수는
26
새로운 매물의 id는
{u'tradTpNm': u'\uc804\uc138', u'prc': 18000, u'point': 850, u'cpLinkVO': {u'mobileBmsInspectPassYn': u'Y', u'pcArticleLinkUseAtArticleTitle': False, u'cpId': u'bizmk', u'mobileArticleLinkTypeCode': u'NONE', u'mobileArticleLinkUseAtArticleTitle': False, u'mobileArticleLinkUseAtCpName': False, u'pcArticleLinkUseAtCpName': False}, u'minMviFee': 0, u'vrfcTpCd': u'DOC', u'dtlAddr': u'', u'tradeRentPrice': 0, u'atclNo': u'2067479572', u'atclNm': u'\ub85c\uc584\ud330\ub9ac\uc2a4\ud558\uc6b0\uc2a4\ube4c', u'tradeCheckedByOwner': False, u'lng': 127.112125, u'rletTpCd': u'A02', u'bildNm': u'B\ub3d9', u'uprRletTpCd': u'A02', u'etRoomCnt': 0, u'maxMviFee': 0, u'rletTpNm': u'\uc624\ud53c\uc2a4\ud154', u'rentPrc': 0, u'tradePriceHan': u'', u'atclFetrDesc': u'\uc804\uc138\uad8c\uc124\uc815,\uc735\ubb34\uc804,\uc785\uc8fc12\uc6d420\uc77c\uc774\ud6c4,\uae54\ub054\ud558\uace0 \uc774\ubed0\uc694,\ubcf4\uc548\uad7f \uad00\ub9ac\uad7f', u'direction': u'\ubd81\ub3d9\ud5a5', u'sameAddrCnt': 1, u'cortarNo': u'4113510200', u'rltrNm': u'\ud558\uc6b0\uc2a4\ube4c\uacf5\uc778\uc911\uac1c\uc0ac', u'cpid': u'bizmk', u'hanPrc': u'1\uc5b5 8,000', u'cpCnt': 1, u'sameAddrDirectCnt': 0, u'atclStatCd': u'R0', u'lat': 37.376143, u'flrInfo': u'9/31', u'minute': 0, u'tagList': [u'25\ub144\uc774\ub0b4', u'\uc735\uc790\uae08\uc5c6\ub294', u'\uc5ed\uc138\uad8c', u'\ud654\uc7a5\uc2e4\ud55c\uac1c'], u'cpNm': u'\ub9e4\uacbd\ubd80\ub3d9\uc0b0', u'atclCfmYmd': u'20.11.30.', u'tradTpCd': u'B1', u'directTradYn': u'N', u'spc1': 65, u'spc2': 36, u'dtlAddrYn': u'N'}
삭제된 매물의 id는
삭제된 매물이 없습니다.
가장 최상의 매물은
로얄팰리스하우스빌
20.11.30.
2067479572
새로운 매물과 삭제된 매물은 5분씩 검색하며, 정보는 new_prd_list_new_2.txt에 저장 됩니다.
2020/11/30 17:40:54
기존 매물의 갯수는
27
새 데이터의 매물의 갯수는
27
새로운 매물의 id는
새로운 매물이 없습니다.
삭제된 매물의 id는
삭제된 매물이 없습니다.
가장 최상의 매물은
로얄팰리스하우스빌
20.11.30.
2067479572
새로운 매물과 삭제된 매물은 5분씩 검색하며, 정보는 new_prd_list_new_2.txt에 저장 됩니다.
2020/11/30 17:45:54
기존 매물의 갯수는
27
새 데이터의 매물의 갯수는
27
새로운 매물의 id는
새로운 매물이 없습니다.
삭제된 매물의 id는
삭제된 매물이 없습니다.
가장 최상의 매물은
로얄팰리스하우스빌
20.11.30.
2067479572
새로운 매물과 삭제된 매물은 5분씩 검색하며, 정보는 new_prd_list_new_2.txt에 저장 됩니다.
2020/11/30 17:50:54
기존 매물의 갯수는
27
새 데이터의 매물의 갯수는
27
새로운 매물의 id는
새로운 매물이 없습니다.
삭제된 매물의 id는
삭제된 매물이 없습니다.
가장 최상의 매물은
로얄팰리스하우스빌
20.11.30.
2067479572
새로운 매물과 삭제된 매물은 5분씩 검색하며, 정보는 new_prd_list_new_2.txt에 저장 됩니다.
2020/11/30 17:55:54
기존 매물의 갯수는
27
새 데이터의 매물의 갯수는
27
새로운 매물의 id는
새로운 매물이 없습니다.
삭제된 매물의 id는
삭제된 매물이 없습니다.
가장 최상의 매물은
로얄팰리스하우스빌
20.11.30.
2067479572
새로운 매물과 삭제된 매물은 5분씩 검색하며, 정보는 new_prd_list_new_2.txt에 저장 됩니다.
2020/11/30 18:00:54
기존 매물의 갯수는
27
새 데이터의 매물의 갯수는
27
새로운 매물의 id는
새로운 매물이 없습니다.
삭제된 매물의 id는
삭제된 매물이 없습니다.
가장 최상의 매물은
로얄팰리스하우스빌
20.11.30.
2067479572
새로운 매물과 삭제된 매물은 5분씩 검색하며, 정보는 new_prd_list_new_2.txt에 저장 됩니다.
2020/11/30 18:05:54
기존 매물의 갯수는
27
새 데이터의 매물의 갯수는
27
새로운 매물의 id는
새로운 매물이 없습니다.
삭제된 매물의 id는
삭제된 매물이 없습니다.
가장 최상의 매물은
로얄팰리스하우스빌
20.11.30.
2067479572
새로운 매물과 삭제된 매물은 5분씩 검색하며, 정보는 new_prd_list_new_2.txt에 저장 됩니다.
2020/11/30 18:10:54
기존 매물의 갯수는
27
새 데이터의 매물의 갯수는
27
새로운 매물의 id는
새로운 매물이 없습니다.
삭제된 매물의 id는
삭제된 매물이 없습니다.
가장 최상의 매물은
로얄팰리스하우스빌
20.11.30.
2067479572
새로운 매물과 삭제된 매물은 5분씩 검색하며, 정보는 new_prd_list_new_2.txt에 저장 됩니다.
2020/11/30 18:15:54
기존 매물의 갯수는
27
새 데이터의 매물의 갯수는
27
새로운 매물의 id는
새로운 매물이 없습니다.
삭제된 매물의 id는
삭제된 매물이 없습니다.
가장 최상의 매물은
로얄팰리스하우스빌
20.11.30.
2067479572
새로운 매물과 삭제된 매물은 5분씩 검색하며, 정보는 new_prd_list_new_2.txt에 저장 됩니다.
2020/11/30 18:20:55
기존 매물의 갯수는
27
새 데이터의 매물의 갯수는
27
새로운 매물의 id는
새로운 매물이 없습니다.
삭제된 매물의 id는
삭제된 매물이 없습니다.
가장 최상의 매물은
로얄팰리스하우스빌
20.11.30.
2067479572
새로운 매물과 삭제된 매물은 5분씩 검색하며, 정보는 new_prd_list_new_2.txt에 저장 됩니다.
2020/11/30 18:25:55
기존 매물의 갯수는
27
새 데이터의 매물의 갯수는
27
새로운 매물의 id는
새로운 매물이 없습니다.
삭제된 매물의 id는
삭제된 매물이 없습니다.
가장 최상의 매물은
로얄팰리스하우스빌
20.11.30.
2067479572
새로운 매물과 삭제된 매물은 5분씩 검색하며, 정보는 new_prd_list_new_2.txt에 저장 됩니다.
2020/11/30 18:30:55
기존 매물의 갯수는
27
새 데이터의 매물의 갯수는
27
새로운 매물의 id는
새로운 매물이 없습니다.
삭제된 매물의 id는
삭제된 매물이 없습니다.
가장 최상의 매물은
로얄팰리스하우스빌
20.11.30.
2067479572
새로운 매물과 삭제된 매물은 5분씩 검색하며, 정보는 new_prd_list_new_2.txt에 저장 됩니다.
2020/11/30 18:35:55
기존 매물의 갯수는
27
새 데이터의 매물의 갯수는
27
새로운 매물의 id는
새로운 매물이 없습니다.
삭제된 매물의 id는
삭제된 매물이 없습니다.
가장 최상의 매물은
로얄팰리스하우스빌
20.11.30.
2067479572
새로운 매물과 삭제된 매물은 5분씩 검색하며, 정보는 new_prd_list_new_2.txt에 저장 됩니다.
2020/11/30 18:40:55
기존 매물의 갯수는
27
새 데이터의 매물의 갯수는
27
새로운 매물의 id는
새로운 매물이 없습니다.
삭제된 매물의 id는
삭제된 매물이 없습니다.
가장 최상의 매물은
로얄팰리스하우스빌
20.11.30.
2067479572
새로운 매물과 삭제된 매물은 5분씩 검색하며, 정보는 new_prd_list_new_2.txt에 저장 됩니다.
2020/11/30 18:45:55
기존 매물의 갯수는
27
새 데이터의 매물의 갯수는
27
새로운 매물의 id는
새로운 매물이 없습니다.
삭제된 매물의 id는
삭제된 매물이 없습니다.
가장 최상의 매물은
로얄팰리스하우스빌
20.11.30.
2067479572
새로운 매물과 삭제된 매물은 5분씩 검색하며, 정보는 new_prd_list_new_2.txt에 저장 됩니다.
2020/11/30 18:50:55
기존 매물의 갯수는
27
새 데이터의 매물의 갯수는
27
새로운 매물의 id는
새로운 매물이 없습니다.
삭제된 매물의 id는
삭제된 매물이 없습니다.
가장 최상의 매물은
로얄팰리스하우스빌
20.11.30.
2067479572
새로운 매물과 삭제된 매물은 5분씩 검색하며, 정보는 new_prd_list_new_2.txt에 저장 됩니다.
2020/11/30 18:55:55
기존 매물의 갯수는
27
새 데이터의 매물의 갯수는
27
새로운 매물의 id는
새로운 매물이 없습니다.
삭제된 매물의 id는
삭제된 매물이 없습니다.
가장 최상의 매물은
로얄팰리스하우스빌
20.11.30.
2067479572
새로운 매물과 삭제된 매물은 5분씩 검색하며, 정보는 new_prd_list_new_2.txt에 저장 됩니다.
2020/11/30 19:00:56
기존 매물의 갯수는
27
새 데이터의 매물의 갯수는
27
새로운 매물의 id는
새로운 매물이 없습니다.
삭제된 매물의 id는
삭제된 매물이 없습니다.
가장 최상의 매물은
로얄팰리스하우스빌
20.11.30.
2067479572
새로운 매물과 삭제된 매물은 5분씩 검색하며, 정보는 new_prd_list_new_2.txt에 저장 됩니다.
2020/11/30 19:05:56
기존 매물의 갯수는
27
새 데이터의 매물의 갯수는
27
새로운 매물의 id는
새로운 매물이 없습니다.
삭제된 매물의 id는
삭제된 매물이 없습니다.
가장 최상의 매물은
로얄팰리스하우스빌
20.11.30.
2067479572
새로운 매물과 삭제된 매물은 5분씩 검색하며, 정보는 new_prd_list_new_2.txt에 저장 됩니다.
2020/11/30 19:10:56
기존 매물의 갯수는
27
새 데이터의 매물의 갯수는
27
새로운 매물의 id는
새로운 매물이 없습니다.
삭제된 매물의 id는
삭제된 매물이 없습니다.
가장 최상의 매물은
로얄팰리스하우스빌
20.11.30.
2067479572
새로운 매물과 삭제된 매물은 5분씩 검색하며, 정보는 new_prd_list_new_2.txt에 저장 됩니다.
2020/11/30 19:15:56
기존 매물의 갯수는
27
새 데이터의 매물의 갯수는
27
새로운 매물의 id는
새로운 매물이 없습니다.
삭제된 매물의 id는
삭제된 매물이 없습니다.
가장 최상의 매물은
로얄팰리스하우스빌
20.11.30.
2067479572
새로운 매물과 삭제된 매물은 5분씩 검색하며, 정보는 new_prd_list_new_2.txt에 저장 됩니다.
2020/11/30 19:20:56
기존 매물의 갯수는
27
새 데이터의 매물의 갯수는
27
새로운 매물의 id는
새로운 매물이 없습니다.
삭제된 매물의 id는
삭제된 매물이 없습니다.
가장 최상의 매물은
로얄팰리스하우스빌
20.11.30.
2067479572
새로운 매물과 삭제된 매물은 5분씩 검색하며, 정보는 new_prd_list_new_2.txt에 저장 됩니다.
2020/11/30 19:25:56
기존 매물의 갯수는
27
새 데이터의 매물의 갯수는
27
새로운 매물의 id는
새로운 매물이 없습니다.
삭제된 매물의 id는
삭제된 매물이 없습니다.
가장 최상의 매물은
로얄팰리스하우스빌
20.11.30.
2067479572
새로운 매물과 삭제된 매물은 5분씩 검색하며, 정보는 new_prd_list_new_2.txt에 저장 됩니다.
2020/11/30 19:30:56
기존 매물의 갯수는
27
새 데이터의 매물의 갯수는
27
새로운 매물의 id는
새로운 매물이 없습니다.
삭제된 매물의 id는
삭제된 매물이 없습니다.
가장 최상의 매물은
로얄팰리스하우스빌
20.11.30.
2067479572
새로운 매물과 삭제된 매물은 5분씩 검색하며, 정보는 new_prd_list_new_2.txt에 저장 됩니다.
2020/11/30 19:35:56
기존 매물의 갯수는
27
새 데이터의 매물의 갯수는
27
새로운 매물의 id는
새로운 매물이 없습니다.
삭제된 매물의 id는
삭제된 매물이 없습니다.
가장 최상의 매물은
로얄팰리스하우스빌
20.11.30.
2067479572
새로운 매물과 삭제된 매물은 5분씩 검색하며, 정보는 new_prd_list_new_2.txt에 저장 됩니다.
2020/11/30 19:40:57
기존 매물의 갯수는
27
새 데이터의 매물의 갯수는
27
새로운 매물의 id는
새로운 매물이 없습니다.
삭제된 매물의 id는
삭제된 매물이 없습니다.
가장 최상의 매물은
로얄팰리스하우스빌
20.11.30.
2067479572
새로운 매물과 삭제된 매물은 5분씩 검색하며, 정보는 new_prd_list_new_2.txt에 저장 됩니다.
2020/11/30 19:45:57
기존 매물의 갯수는
27
새 데이터의 매물의 갯수는
27
새로운 매물의 id는
새로운 매물이 없습니다.
삭제된 매물의 id는
삭제된 매물이 없습니다.
가장 최상의 매물은
로얄팰리스하우스빌
20.11.30.
2067479572
새로운 매물과 삭제된 매물은 5분씩 검색하며, 정보는 new_prd_list_new_2.txt에 저장 됩니다.
2020/11/30 19:50:57
기존 매물의 갯수는
27
새 데이터의 매물의 갯수는
27
새로운 매물의 id는
새로운 매물이 없습니다.
삭제된 매물의 id는
삭제된 매물이 없습니다.
가장 최상의 매물은
로얄팰리스하우스빌
20.11.30.
2067479572
새로운 매물과 삭제된 매물은 5분씩 검색하며, 정보는 new_prd_list_new_2.txt에 저장 됩니다.
2020/11/30 19:55:57
기존 매물의 갯수는
27
새 데이터의 매물의 갯수는
27
새로운 매물의 id는
새로운 매물이 없습니다.
삭제된 매물의 id는
삭제된 매물이 없습니다.
가장 최상의 매물은
로얄팰리스하우스빌
20.11.30.
2067479572
새로운 매물과 삭제된 매물은 5분씩 검색하며, 정보는 new_prd_list_new_2.txt에 저장 됩니다.
2020/11/30 20:00:57
기존 매물의 갯수는
27
새 데이터의 매물의 갯수는
27
새로운 매물의 id는
새로운 매물이 없습니다.
삭제된 매물의 id는
삭제된 매물이 없습니다.
가장 최상의 매물은
로얄팰리스하우스빌
20.11.30.
2067479572
새로운 매물과 삭제된 매물은 5분씩 검색하며, 정보는 new_prd_list_new_2.txt에 저장 됩니다.
2020/11/30 20:05:57
기존 매물의 갯수는
27
새 데이터의 매물의 갯수는
27
새로운 매물의 id는
새로운 매물이 없습니다.
삭제된 매물의 id는
삭제된 매물이 없습니다.
가장 최상의 매물은
로얄팰리스하우스빌
20.11.30.
2067479572
새로운 매물과 삭제된 매물은 5분씩 검색하며, 정보는 new_prd_list_new_2.txt에 저장 됩니다.
2020/11/30 20:10:57
기존 매물의 갯수는
27
새 데이터의 매물의 갯수는
27
새로운 매물의 id는
새로운 매물이 없습니다.
삭제된 매물의 id는
삭제된 매물이 없습니다.
가장 최상의 매물은
로얄팰리스하우스빌
20.11.30.
2067479572
새로운 매물과 삭제된 매물은 5분씩 검색하며, 정보는 new_prd_list_new_2.txt에 저장 됩니다.
2020/11/30 20:15:57
기존 매물의 갯수는
27
새 데이터의 매물의 갯수는
27
새로운 매물의 id는
새로운 매물이 없습니다.
삭제된 매물의 id는
삭제된 매물이 없습니다.
가장 최상의 매물은
로얄팰리스하우스빌
20.11.30.
2067479572
새로운 매물과 삭제된 매물은 5분씩 검색하며, 정보는 new_prd_list_new_2.txt에 저장 됩니다.
2020/11/30 20:20:58
기존 매물의 갯수는
27
새 데이터의 매물의 갯수는
27
새로운 매물의 id는
새로운 매물이 없습니다.
삭제된 매물의 id는
삭제된 매물이 없습니다.
가장 최상의 매물은
로얄팰리스하우스빌
20.11.30.
2067479572
새로운 매물과 삭제된 매물은 5분씩 검색하며, 정보는 new_prd_list_new_2.txt에 저장 됩니다.
2020/11/30 20:25:58
기존 매물의 갯수는
27
새 데이터의 매물의 갯수는
27
새로운 매물의 id는
새로운 매물이 없습니다.
삭제된 매물의 id는
삭제된 매물이 없습니다.
가장 최상의 매물은
로얄팰리스하우스빌
20.11.30.
2067479572
새로운 매물과 삭제된 매물은 5분씩 검색하며, 정보는 new_prd_list_new_2.txt에 저장 됩니다.
  File "parse_land.py", line 141
    print "%04d/%02d/%02d %02d:%02d:%02d" % (now.tm_year, now.tm_mon, now.tm_mday, now.tm_hour+9, now.tm_min, now.tm_sec)
                                        ^
SyntaxError: invalid syntax
Traceback (most recent call last):
  File "parse_land.py", line 189, in <module>
    station_location=find_station_location(sys.argv[1])
IndexError: list index out of range
468
2020/11/30 20:29:48
기존 매물의 갯수는
27
새 데이터의 매물의 갯수는
27
새로운 매물의 id는
새로운 매물이 없습니다.
삭제된 매물의 id는
삭제된 매물이 없습니다.
가장 최상의 매물은
로얄팰리스하우스빌
20.11.30.
2067479572
새로운 매물과 삭제된 매물은 5분씩 검색하며, 정보는 new_prd_list_new_2.txt에 저장 됩니다.
468
2020/11/30 20:31:01
기존 매물의 갯수는
27
새 데이터의 매물의 갯수는
27
새로운 매물의 id는
새로운 매물이 없습니다.
삭제된 매물의 id는
삭제된 매물이 없습니다.
가장 최상의 매물은
로얄팰리스하우스빌
20.11.30.
2067479572
새로운 매물과 삭제된 매물은 5분씩 검색하며, 정보는 new_prd_list_new_2.txt에 저장 됩니다.
